Using pre-set license
Built from '2022.3/staging' branch; Version is '2022.3.14f1 (eff2de9070d8) revision 15725278'; Using compiler version '192829333'; Build Type 'Release'
OS: 'Windows 11  (10.0.22000) 64bit Professional' Language: 'ru' Physical Memory: 16293 MB
BatchMode: 1, IsHumanControllingUs: 0, StartBugReporterOnCrash: 0, Is64bit: 1, IsPro: 1

COMMAND LINE ARGUMENTS:
C:\Program Files\Unity\Hub\Editor\2022.3.14f1\Editor\Unity.exe
-adb2
-batchMode
-noUpm
-name
AssetImportWorker0
-projectPath
F:/project/kettle_WEBGL
-logFile
Logs/AssetImportWorker0.log
-srvPort
64444
Successfully changed project path to: F:/project/kettle_WEBGL
F:/project/kettle_WEBGL
[UnityMemory] Configuration Parameters - Can be set up in boot.config
    "memorysetup-bucket-allocator-granularity=16"
    "memorysetup-bucket-allocator-bucket-count=8"
    "memorysetup-bucket-allocator-block-size=33554432"
    "memorysetup-bucket-allocator-block-count=8"
    "memorysetup-main-allocator-block-size=16777216"
    "memorysetup-thread-allocator-block-size=16777216"
    "memorysetup-gfx-main-allocator-block-size=16777216"
    "memorysetup-gfx-thread-allocator-block-size=16777216"
    "memorysetup-cache-allocator-block-size=4194304"
    "memorysetup-typetree-allocator-block-size=2097152"
    "memorysetup-profiler-bucket-allocator-granularity=16"
    "memorysetup-profiler-bucket-allocator-bucket-count=8"
    "memorysetup-profiler-bucket-allocator-block-size=33554432"
    "memorysetup-profiler-bucket-allocator-block-count=8"
    "memorysetup-profiler-allocator-block-size=16777216"
    "memorysetup-profiler-editor-allocator-block-size=1048576"
    "memorysetup-temp-allocator-size-main=16777216"
    "memorysetup-job-temp-allocator-block-size=2097152"
    "memorysetup-job-temp-allocator-block-size-background=1048576"
    "memorysetup-job-temp-allocator-reduction-small-platforms=262144"
    "memorysetup-allocator-temp-initial-block-size-main=262144"
    "memorysetup-allocator-temp-initial-block-size-worker=262144"
    "memorysetup-temp-allocator-size-background-worker=32768"
    "memorysetup-temp-allocator-size-job-worker=262144"
    "memorysetup-temp-allocator-size-preload-manager=33554432"
    "memorysetup-temp-allocator-size-nav-mesh-worker=65536"
    "memorysetup-temp-allocator-size-audio-worker=65536"
    "memorysetup-temp-allocator-size-cloud-worker=32768"
    "memorysetup-temp-allocator-size-gi-baking-worker=262144"
    "memorysetup-temp-allocator-size-gfx=262144"
Player connection [17792] Host "[IP] 192.168.1.198 [Port] 0 [Flags] 2 [Guid] 2718171528 [EditorId] 2718171528 [Version] 1048832 [Id] WindowsEditor(7,divine) [Debug] 1 [PackageName] WindowsEditor [ProjectName] Editor" joined multi-casting on [225.0.0.222:54997]...

Player connection [17792] Host "[IP] 192.168.1.198 [Port] 0 [Flags] 2 [Guid] 2718171528 [EditorId] 2718171528 [Version] 1048832 [Id] WindowsEditor(7,divine) [Debug] 1 [PackageName] WindowsEditor [ProjectName] Editor" joined alternative multi-casting on [225.0.0.222:34997]...

[Physics::Module] Initialized MultithreadedJobDispatcher with 11 workers.
Refreshing native plugins compatible for Editor in 7.15 ms, found 3 plugins.
Preloading 0 native plugins for Editor in 0.00 ms.
Initialize engine version: 2022.3.14f1 (eff2de9070d8)
[Subsystems] Discovering subsystems at path C:/Program Files/Unity/Hub/Editor/2022.3.14f1/Editor/Data/Resources/UnitySubsystems
[Subsystems] Discovering subsystems at path F:/project/kettle_WEBGL/Assets
GfxDevice: creating device client; threaded=0; jobified=0
Direct3D:
    Version:  Direct3D 11.0 [level 11.1]
    Renderer: NVIDIA GeForce RTX 3060 Ti (ID=0x2489)
    Vendor:   NVIDIA
    VRAM:     8024 MB
    Driver:   31.0.15.5152
Initialize mono
Mono path[0] = 'C:/Program Files/Unity/Hub/Editor/2022.3.14f1/Editor/Data/Managed'
Mono path[1] = 'C:/Program Files/Unity/Hub/Editor/2022.3.14f1/Editor/Data/MonoBleedingEdge/lib/mono/unityjit-win32'
Mono config path = 'C:/Program Files/Unity/Hub/Editor/2022.3.14f1/Editor/Data/MonoBleedingEdge/etc'
Using monoOptions --debugger-agent=transport=dt_socket,embedding=1,server=y,suspend=n,address=127.0.0.1:56836
Begin MonoManager ReloadAssembly
Registering precompiled unity dll's ...
Register platform support module: C:/Program Files/Unity/Hub/Editor/2022.3.14f1/Editor/Data/PlaybackEngines/WebGLSupport/UnityEditor.WebGL.Extensions.dll
Register platform support module: C:/Program Files/Unity/Hub/Editor/2022.3.14f1/Editor/Data/PlaybackEngines/AndroidPlayer/UnityEditor.Android.Extensions.dll
Register platform support module: C:/Program Files/Unity/Hub/Editor/2022.3.14f1/Editor/Data/PlaybackEngines/WindowsStandaloneSupport/UnityEditor.WindowsStandalone.Extensions.dll
Registered in 0.009196 seconds.
- Loaded All Assemblies, in  0.493 seconds
Native extension for WindowsStandalone target not found
Native extension for Android target not found
Android Extension - Scanning For ADB Devices 1300 ms
Native extension for WebGL target not found
Mono: successfully reloaded assembly
- Finished resetting the current domain, in  1.721 seconds
Domain Reload Profiling: 2212ms
	BeginReloadAssembly (142ms)
		ExecutionOrderSort (0ms)
		DisableScriptedObjects (0ms)
		BackupInstance (0ms)
		ReleaseScriptingObjects (0ms)
		CreateAndSetChildDomain (1ms)
	RebuildCommonClasses (44ms)
	RebuildNativeTypeToScriptingClass (17ms)
	initialDomainReloadingComplete (78ms)
	LoadAllAssembliesAndSetupDomain (209ms)
		LoadAssemblies (141ms)
		RebuildTransferFunctionScriptingTraits (0ms)
		AnalyzeDomain (206ms)
			TypeCache.Refresh (203ms)
				TypeCache.ScanAssembly (184ms)
			ScanForSourceGeneratedMonoScriptInfo (1ms)
			ResolveRequiredComponents (1ms)
	FinalizeReload (1721ms)
		ReleaseScriptCaches (0ms)
		RebuildScriptCaches (0ms)
		SetupLoadedEditorAssemblies (1649ms)
			LogAssemblyErrors (0ms)
			InitializePlatformSupportModulesInManaged (1469ms)
			SetLoadedEditorAssemblies (10ms)
			RefreshPlugins (0ms)
			BeforeProcessingInitializeOnLoad (4ms)
			ProcessInitializeOnLoadAttributes (117ms)
			ProcessInitializeOnLoadMethodAttributes (49ms)
			AfterProcessingInitializeOnLoad (0ms)
			EditorAssembliesLoaded (0ms)
		ExecutionOrderSort2 (0ms)
		AwakeInstancesAfterBackupRestoration (0ms)
========================================================================
Worker process is ready to serve import requests
Begin MonoManager ReloadAssembly
- Loaded All Assemblies, in  0.700 seconds
Refreshing native plugins compatible for Editor in 1.99 ms, found 3 plugins.
Native extension for WindowsStandalone target not found
Native extension for Android target not found
Native extension for WebGL target not found
Package Manager log level set to [2]
[Package Manager] Server::EnsureServerProcessIsRunning -- launch failed, reason: Unity was launched with the -noUpm command-line argument
[Package Manager] UpmClient::Send -- Unable to send message (not connected to UPM process).
[Package Manager] Cannot connect to Unity Package Manager local server
Mono: successfully reloaded assembly
- Finished resetting the current domain, in  0.637 seconds
Domain Reload Profiling: 1335ms
	BeginReloadAssembly (166ms)
		ExecutionOrderSort (0ms)
		DisableScriptedObjects (8ms)
		BackupInstance (0ms)
		ReleaseScriptingObjects (0ms)
		CreateAndSetChildDomain (27ms)
	RebuildCommonClasses (39ms)
	RebuildNativeTypeToScriptingClass (14ms)
	initialDomainReloadingComplete (40ms)
	LoadAllAssembliesAndSetupDomain (439ms)
		LoadAssemblies (304ms)
		RebuildTransferFunctionScriptingTraits (0ms)
		AnalyzeDomain (223ms)
			TypeCache.Refresh (194ms)
				TypeCache.ScanAssembly (174ms)
			ScanForSourceGeneratedMonoScriptInfo (23ms)
			ResolveRequiredComponents (4ms)
	FinalizeReload (637ms)
		ReleaseScriptCaches (0ms)
		RebuildScriptCaches (0ms)
		SetupLoadedEditorAssemblies (457ms)
			LogAssemblyErrors (0ms)
			InitializePlatformSupportModulesInManaged (25ms)
			SetLoadedEditorAssemblies (3ms)
			RefreshPlugins (0ms)
			BeforeProcessingInitializeOnLoad (64ms)
			ProcessInitializeOnLoadAttributes (337ms)
			ProcessInitializeOnLoadMethodAttributes (23ms)
			AfterProcessingInitializeOnLoad (4ms)
			EditorAssembliesLoaded (0ms)
		ExecutionOrderSort2 (0ms)
		AwakeInstancesAfterBackupRestoration (5ms)
Launched and connected shader compiler UnityShaderCompiler.exe after 0.03 seconds
Refreshing native plugins compatible for Editor in 1.90 ms, found 3 plugins.
Preloading 0 native plugins for Editor in 0.00 ms.
Unloading 3623 Unused Serialized files (Serialized files now loaded: 0)
Unloading 49 unused Assets / (59.4 KB). Loaded Objects now: 4082.
Memory consumption went from 141.7 MB to 141.6 MB.
Total: 2.993600 ms (FindLiveObjects: 0.287600 ms CreateObjectMapping: 0.379300 ms MarkObjects: 2.219300 ms  DeleteObjects: 0.106600 ms)

AssetImportParameters requested are different than current active one (requested -> active):
  custom:container-demuxer-ogg: 62fdf1f143b41e24485cea50d1cbac27 -> 
  custom:video-decoder-ogg-theora: a1e56fd34408186e4bbccfd4996cb3dc -> 
  custom:framework-win-MediaFoundation: 216162199b28c13a410421893ffa2e32 -> 
  custom:container-demuxer-webm: 4f35f7cbe854078d1ac9338744f61a02 -> 
  custom:container-muxer-webm: aa71ff27fc2769a1b78a27578f13a17b -> 
  custom:video-decoder-webm-vp8: 9c59270c3fd7afecdb556c50c9e8de78 -> 
  custom:SearchIndexIgnoredProperties: e643bd26f0fe6173181afceb89e7c659 -> 
  custom:AudioImporter_EditorPlatform: d09bf68614088b80899f8185d706f6e7 -> 
  custom:video-encoder-webm-vp8: eb34c28f22e8b96e1ab97ce403110664 -> 
  custom:audio-decoder-ogg-vorbis: bf7c407c2cedff20999df2af8eb42d56 -> 
  custom:audio-encoder-webm-vorbis: bf7c407c2cedff20999df2af8eb42d56 -> 
========================================================================
Received Import Request.
  Time since last request: 183875.763875 seconds.
  path: Assets/Kettle.prefab
  artifactKey: Guid(c61fff1f216d2e042a7034d005fc9bdb) Importer(815301076,1909f56bfc062723c751e8b465ee728b)
Start importing Assets/Kettle.prefab using Guid(c61fff1f216d2e042a7034d005fc9bdb) Importer(815301076,1909f56bfc062723c751e8b465ee728b)  -> (artifact id: 'dd1538fe9d95acf37657904da8628228') in 0.151930 seconds
Number of updated asset objects reloaded before import = 0
Number of asset objects unloaded after import = 80
========================================================================
Received Prepare
Refreshing native plugins compatible for Editor in 1.78 ms, found 3 plugins.
Preloading 0 native plugins for Editor in 0.00 ms.
Unloading 0 Unused Serialized files (Serialized files now loaded: 0)
Unloading 1 unused Assets / (0.9 KB). Loaded Objects now: 4091.
Memory consumption went from 81.1 MB to 81.1 MB.
Total: 3.157600 ms (FindLiveObjects: 0.253900 ms CreateObjectMapping: 0.224000 ms MarkObjects: 2.658500 ms  DeleteObjects: 0.020400 ms)

Prepare: number of updated asset objects reloaded= 0
AssetImportParameters requested are different than current active one (requested -> active):
  custom:container-demuxer-ogg: 62fdf1f143b41e24485cea50d1cbac27 -> 
  custom:video-decoder-ogg-theora: a1e56fd34408186e4bbccfd4996cb3dc -> 
  custom:framework-win-MediaFoundation: 216162199b28c13a410421893ffa2e32 -> 
  custom:CustomObjectIndexerAttribute: 756ad292c208cfabdd7b50bc23989ffe -> 
  custom:container-demuxer-webm: 4f35f7cbe854078d1ac9338744f61a02 -> 
  custom:container-muxer-webm: aa71ff27fc2769a1b78a27578f13a17b -> 
  custom:video-decoder-webm-vp8: 9c59270c3fd7afecdb556c50c9e8de78 -> 
  custom:SearchIndexIgnoredProperties: e643bd26f0fe6173181afceb89e7c659 -> 
  custom:AudioImporter_EditorPlatform: d09bf68614088b80899f8185d706f6e7 -> 
  custom:video-encoder-webm-vp8: eb34c28f22e8b96e1ab97ce403110664 -> 
  custom:audio-decoder-ogg-vorbis: bf7c407c2cedff20999df2af8eb42d56 -> 
  custom:audio-encoder-webm-vorbis: bf7c407c2cedff20999df2af8eb42d56 -> 
========================================================================
Received Import Request.
  Time since last request: 78.547735 seconds.
  path: Assets/40+ Simple Icons - Free/Awards_Simple_Icons_UI.png
  artifactKey: Guid(a6ec1fcf2f177464ea5771d9a50eea08) Importer(815301076,1909f56bfc062723c751e8b465ee728b)
Start importing Assets/40+ Simple Icons - Free/Awards_Simple_Icons_UI.png using Guid(a6ec1fcf2f177464ea5771d9a50eea08) Importer(815301076,1909f56bfc062723c751e8b465ee728b)  -> (artifact id: 'efd8e22685ec17391f0fe8b5be3ddf7f') in 0.043358 seconds
Number of updated asset objects reloaded before import = 0
Number of asset objects unloaded after import = 3
========================================================================
Received Import Request.
  Time since last request: 0.000024 seconds.
  path: Assets/40+ Simple Icons - Free/EyeActiveOff_Simple_Icons_UI.png
  artifactKey: Guid(a98d976fa5b0a9240b0674d4bcb21549) Importer(815301076,1909f56bfc062723c751e8b465ee728b)
Start importing Assets/40+ Simple Icons - Free/EyeActiveOff_Simple_Icons_UI.png using Guid(a98d976fa5b0a9240b0674d4bcb21549) Importer(815301076,1909f56bfc062723c751e8b465ee728b)  -> (artifact id: '3d06f90d20349c3b60a73c7925172bc7') in 0.020445 seconds
Number of updated asset objects reloaded before import = 0
Number of asset objects unloaded after import = 3
========================================================================
Received Import Request.
  Time since last request: 0.000029 seconds.
  path: Assets/40+ Simple Icons - Free/HeartOutLine_Simple_Icons_UI.png
  artifactKey: Guid(d63713939e9ba974698c37cb9ac6ab98) Importer(815301076,1909f56bfc062723c751e8b465ee728b)
Start importing Assets/40+ Simple Icons - Free/HeartOutLine_Simple_Icons_UI.png using Guid(d63713939e9ba974698c37cb9ac6ab98) Importer(815301076,1909f56bfc062723c751e8b465ee728b)  -> (artifact id: '76a5b9e15d1b04ae08b710098275148f') in 0.033331 seconds
Number of updated asset objects reloaded before import = 0
Number of asset objects unloaded after import = 3
========================================================================
Received Import Request.
  Time since last request: 0.000020 seconds.
  path: Assets/40+ Simple Icons - Free/Gamepad_Simple_Icons_UI.png
  artifactKey: Guid(8a777393fa4a8694797111360bff3870) Importer(815301076,1909f56bfc062723c751e8b465ee728b)
Start importing Assets/40+ Simple Icons - Free/Gamepad_Simple_Icons_UI.png using Guid(8a777393fa4a8694797111360bff3870) Importer(815301076,1909f56bfc062723c751e8b465ee728b)  -> (artifact id: '29674fc106cfa9459a8d7536a92a4d23') in 0.022936 seconds
Number of updated asset objects reloaded before import = 0
Number of asset objects unloaded after import = 3
========================================================================
Received Import Request.
  Time since last request: 0.000028 seconds.
  path: Assets/40+ Simple Icons - Free/EyeActiveOn_Simple_Icons_UI.png
  artifactKey: Guid(db6c53a51f4ff0243919f780d898a0c2) Importer(815301076,1909f56bfc062723c751e8b465ee728b)
Start importing Assets/40+ Simple Icons - Free/EyeActiveOn_Simple_Icons_UI.png using Guid(db6c53a51f4ff0243919f780d898a0c2) Importer(815301076,1909f56bfc062723c751e8b465ee728b)  -> (artifact id: '121a04001016f53718031c8f92e9ac74') in 0.020660 seconds
Number of updated asset objects reloaded before import = 0
Number of asset objects unloaded after import = 3
========================================================================
Received Import Request.
  Time since last request: 0.000032 seconds.
  path: Assets/40+ Simple Icons - Free/CheckMark_Simple_Icons_UI.png
  artifactKey: Guid(5d3b4a7c76397eb47bbc59d2bf7a029b) Importer(815301076,1909f56bfc062723c751e8b465ee728b)
Start importing Assets/40+ Simple Icons - Free/CheckMark_Simple_Icons_UI.png using Guid(5d3b4a7c76397eb47bbc59d2bf7a029b) Importer(815301076,1909f56bfc062723c751e8b465ee728b)  -> (artifact id: 'dac3dc9d43f2dbed318665893023ee43') in 0.018962 seconds
Number of updated asset objects reloaded before import = 0
Number of asset objects unloaded after import = 3
========================================================================
Received Import Request.
  Time since last request: 0.000022 seconds.
  path: Assets/40+ Simple Icons - Free/Filter_Simple_Icons_UI.png
  artifactKey: Guid(5b33e4bcf8fbfca4fbb04fa7688e94b7) Importer(815301076,1909f56bfc062723c751e8b465ee728b)
Start importing Assets/40+ Simple Icons - Free/Filter_Simple_Icons_UI.png using Guid(5b33e4bcf8fbfca4fbb04fa7688e94b7) Importer(815301076,1909f56bfc062723c751e8b465ee728b)  -> (artifact id: '9f7f82700147c5bcede9065c178f39b2') in 0.019781 seconds
Number of updated asset objects reloaded before import = 0
Number of asset objects unloaded after import = 3
========================================================================
Received Import Request.
  Time since last request: 12.299823 seconds.
  path: Assets/Texture/T_kettle_N.png
  artifactKey: Guid(520ec72c96e2a5a4daa3105a3d007662) Importer(815301076,1909f56bfc062723c751e8b465ee728b)
Start importing Assets/Texture/T_kettle_N.png using Guid(520ec72c96e2a5a4daa3105a3d007662) Importer(815301076,1909f56bfc062723c751e8b465ee728b)  -> (artifact id: '1ba17e81a1b3ef5bb8010ff93d0ca11a') in 0.026876 seconds
Number of updated asset objects reloaded before import = 0
Number of asset objects unloaded after import = 2
========================================================================
Received Import Request.
  Time since last request: 0.000020 seconds.
  path: Assets/Texture/T_kettle_ORM.png
  artifactKey: Guid(a3aec4d369a1cca4b822612867f0ae56) Importer(815301076,1909f56bfc062723c751e8b465ee728b)
Start importing Assets/Texture/T_kettle_ORM.png using Guid(a3aec4d369a1cca4b822612867f0ae56) Importer(815301076,1909f56bfc062723c751e8b465ee728b)  -> (artifact id: '5ae51c787d4dd6dd9c34503086372c4a') in 0.016132 seconds
Number of updated asset objects reloaded before import = 0
Number of asset objects unloaded after import = 2
========================================================================
Received Import Request.
  Time since last request: 1451.426119 seconds.
  path: Assets/Texture/Materials/T_kettle_N.mat
  artifactKey: Guid(ea359c2f1a02ebc4cb58f06d858d9207) Importer(815301076,1909f56bfc062723c751e8b465ee728b)
Start importing Assets/Texture/Materials/T_kettle_N.mat using Guid(ea359c2f1a02ebc4cb58f06d858d9207) Importer(815301076,1909f56bfc062723c751e8b465ee728b)  -> (artifact id: 'fd4ad143509298199efb8987c4957b2c') in 0.047016 seconds
Number of updated asset objects reloaded before import = 0
Number of asset objects unloaded after import = 2
========================================================================
Received Import Request.
  Time since last request: 0.000027 seconds.
  path: Assets/Texture/Materials/T_kettle_ORM.mat
  artifactKey: Guid(99e185784f919234f93ae2f20852e51d) Importer(815301076,1909f56bfc062723c751e8b465ee728b)
Start importing Assets/Texture/Materials/T_kettle_ORM.mat using Guid(99e185784f919234f93ae2f20852e51d) Importer(815301076,1909f56bfc062723c751e8b465ee728b)  -> (artifact id: '66bd66033dd35934c3e7413252457963') in 0.014808 seconds
Number of updated asset objects reloaded before import = 0
Number of asset objects unloaded after import = 2
========================================================================
Received Import Request.
  Time since last request: 0.000019 seconds.
  path: Assets/Texture/Materials/T_kettle_Opacity.mat
  artifactKey: Guid(9c133b36f0fad0e42aa310d41ef87dd5) Importer(815301076,1909f56bfc062723c751e8b465ee728b)
Start importing Assets/Texture/Materials/T_kettle_Opacity.mat using Guid(9c133b36f0fad0e42aa310d41ef87dd5) Importer(815301076,1909f56bfc062723c751e8b465ee728b)  -> (artifact id: '81cc93775b73b95c18160e5b376c049a') in 0.017184 seconds
Number of updated asset objects reloaded before import = 0
Number of asset objects unloaded after import = 2
========================================================================
Received Import Request.
  Time since last request: 77.135621 seconds.
  path: Assets/SM_btn.fbx
  artifactKey: Guid(fb241fc6fb3249246abaf7a91f07e6f4) Importer(815301076,1909f56bfc062723c751e8b465ee728b)
Start importing Assets/SM_btn.fbx using Guid(fb241fc6fb3249246abaf7a91f07e6f4) Importer(815301076,1909f56bfc062723c751e8b465ee728b)  -> (artifact id: '7b395a93e23bd23c9f3fcb21fc3d70e0') in 0.034465 seconds
Number of updated asset objects reloaded before import = 0
Number of asset objects unloaded after import = 8
========================================================================
Received Import Request.
  Time since last request: 0.000052 seconds.
  path: Assets/SM_floor.fbx
  artifactKey: Guid(bfd04c014adec8f4ab30499593d31af4) Importer(815301076,1909f56bfc062723c751e8b465ee728b)
Start importing Assets/SM_floor.fbx using Guid(bfd04c014adec8f4ab30499593d31af4) Importer(815301076,1909f56bfc062723c751e8b465ee728b)  -> (artifact id: '37d632d6338eb03b1a75613c421524bd') in 0.021997 seconds
Number of updated asset objects reloaded before import = 0
Number of asset objects unloaded after import = 8
========================================================================
Received Import Request.
  Time since last request: 28.608430 seconds.
  path: Assets/Model/SM_base.fbx
  artifactKey: Guid(a09060b6598dc6049bf170ab9c935314) Importer(815301076,1909f56bfc062723c751e8b465ee728b)
Start importing Assets/Model/SM_base.fbx using Guid(a09060b6598dc6049bf170ab9c935314) Importer(815301076,1909f56bfc062723c751e8b465ee728b)  -> (artifact id: '81bfeeef71df77205c7deba6b29f95cf') in 0.022274 seconds
Number of updated asset objects reloaded before import = 0
Number of asset objects unloaded after import = 8
========================================================================
Received Import Request.
  Time since last request: 0.000014 seconds.
  path: Assets/Model/SM_cap.fbx
  artifactKey: Guid(4402f3c0a7fd209449aefdbeefba4b75) Importer(815301076,1909f56bfc062723c751e8b465ee728b)
Start importing Assets/Model/SM_cap.fbx using Guid(4402f3c0a7fd209449aefdbeefba4b75) Importer(815301076,1909f56bfc062723c751e8b465ee728b)  -> (artifact id: 'c85845027e9ba3aa1b84569dc07c841f') in 0.027344 seconds
Number of updated asset objects reloaded before import = 0
Number of asset objects unloaded after import = 8
========================================================================
Received Import Request.
  Time since last request: 0.000023 seconds.
  path: Assets/Model/SM_floor.fbx
  artifactKey: Guid(3fddf8e1d7ae88a4ba43c0c9286a5f60) Importer(815301076,1909f56bfc062723c751e8b465ee728b)
Start importing Assets/Model/SM_floor.fbx using Guid(3fddf8e1d7ae88a4ba43c0c9286a5f60) Importer(815301076,1909f56bfc062723c751e8b465ee728b)  -> (artifact id: 'be1d3772b634e13634f3eed006f71fab') in 0.022417 seconds
Number of updated asset objects reloaded before import = 0
Number of asset objects unloaded after import = 8
========================================================================
Received Import Request.
  Time since last request: 1389.138704 seconds.
  path: Assets/material/Black.mat
  artifactKey: Guid(185f2d654f7fd6e428c6c1818893fb31) Importer(815301076,1909f56bfc062723c751e8b465ee728b)
Start importing Assets/material/Black.mat using Guid(185f2d654f7fd6e428c6c1818893fb31) Importer(815301076,1909f56bfc062723c751e8b465ee728b)  -> (artifact id: '669b37c8f8dac3ac51df92cb17ce7d02') in 0.016913 seconds
Number of updated asset objects reloaded before import = 0
Number of asset objects unloaded after import = 1
========================================================================
Received Import Request.
  Time since last request: 0.000018 seconds.
  path: Assets/material/Rad.mat
  artifactKey: Guid(fd4c4fc88eac25d478d4490baa6382b6) Importer(815301076,1909f56bfc062723c751e8b465ee728b)
Start importing Assets/material/Rad.mat using Guid(fd4c4fc88eac25d478d4490baa6382b6) Importer(815301076,1909f56bfc062723c751e8b465ee728b)  -> (artifact id: '6ca915d3f0bb909c2be6bb53c724af01') in 0.013054 seconds
Number of updated asset objects reloaded before import = 0
Number of asset objects unloaded after import = 1
========================================================================
Received Import Request.
  Time since last request: 59.174488 seconds.
  path: Assets/Texture/Materials/T_kettle_BC.mat
  artifactKey: Guid(70341d8c2b1d5a644ab303b62817119c) Importer(815301076,1909f56bfc062723c751e8b465ee728b)
Start importing Assets/Texture/Materials/T_kettle_BC.mat using Guid(70341d8c2b1d5a644ab303b62817119c) Importer(815301076,1909f56bfc062723c751e8b465ee728b)  -> (artifact id: 'e7fb64da2e5246e9f99a914440735312') in 0.034026 seconds
Number of updated asset objects reloaded before import = 0
Number of asset objects unloaded after import = 2
========================================================================
Received Import Request.
  Time since last request: 15.517837 seconds.
  path: Assets/Texture/Materials/T_kettle_Opacity.mat
  artifactKey: Guid(9c133b36f0fad0e42aa310d41ef87dd5) Importer(815301076,1909f56bfc062723c751e8b465ee728b)
Start importing Assets/Texture/Materials/T_kettle_Opacity.mat using Guid(9c133b36f0fad0e42aa310d41ef87dd5) Importer(815301076,1909f56bfc062723c751e8b465ee728b)  -> (artifact id: '2f0285b9a78eefae9b987bb08f777307') in 0.007575 seconds
Number of updated asset objects reloaded before import = 0
Number of asset objects unloaded after import = 2
========================================================================
Received Import Request.
  Time since last request: 3951.372588 seconds.
  path: Assets/Texture/New.mat
  artifactKey: Guid(b3592d90d57ee454c89ff331ab986141) Importer(815301076,1909f56bfc062723c751e8b465ee728b)
Start importing Assets/Texture/New.mat using Guid(b3592d90d57ee454c89ff331ab986141) Importer(815301076,1909f56bfc062723c751e8b465ee728b)  -> (artifact id: 'cd543c7d37cd6d4c206ca609105ab9c5') in 0.114677 seconds
Number of updated asset objects reloaded before import = 0
Number of asset objects unloaded after import = 1
========================================================================
Received Import Request.
  Time since last request: 142.749121 seconds.
  path: Assets/Kettle.prefab
  artifactKey: Guid(c61fff1f216d2e042a7034d005fc9bdb) Importer(815301076,1909f56bfc062723c751e8b465ee728b)
Start importing Assets/Kettle.prefab using Guid(c61fff1f216d2e042a7034d005fc9bdb) Importer(815301076,1909f56bfc062723c751e8b465ee728b)  -> (artifact id: 'd0b4718647b7f548fe0650cf8382b280') in 0.309480 seconds
Number of updated asset objects reloaded before import = 0
Number of asset objects unloaded after import = 79
========================================================================
Received Import Request.
  Time since last request: 7.326834 seconds.
  path: Assets/Model/Kettle.prefab
  artifactKey: Guid(57b3c02565095154c8cfad2d56c3633b) Importer(815301076,1909f56bfc062723c751e8b465ee728b)
Start importing Assets/Model/Kettle.prefab using Guid(57b3c02565095154c8cfad2d56c3633b) Importer(815301076,1909f56bfc062723c751e8b465ee728b)  -> (artifact id: '29b2787476e07f2bb73c0e943d0ba632') in 0.156875 seconds
Number of updated asset objects reloaded before import = 0
Number of asset objects unloaded after import = 133
========================================================================
Received Import Request.
  Time since last request: 76.476977 seconds.
  path: Assets/Model
  artifactKey: Guid(71fae2b2045fef145b83cd6280b52275) Importer(815301076,1909f56bfc062723c751e8b465ee728b)
Start importing Assets/Model using Guid(71fae2b2045fef145b83cd6280b52275) Importer(815301076,1909f56bfc062723c751e8b465ee728b)  -> (artifact id: '2f9b808650b4c8a8a724fa1fad1c0ee5') in 0.001086 seconds
Number of updated asset objects reloaded before import = 0
Number of asset objects unloaded after import = 0
========================================================================
Received Import Request.
  Time since last request: 2.047560 seconds.
  path: Assets/Model/New Folder
  artifactKey: Guid(879fe97d7220063439cebeacc0557a5d) Importer(815301076,1909f56bfc062723c751e8b465ee728b)
Start importing Assets/Model/New Folder using Guid(879fe97d7220063439cebeacc0557a5d) Importer(815301076,1909f56bfc062723c751e8b465ee728b)  -> (artifact id: '56301d2974392f9e70f22d5a5130f052') in 0.001376 seconds
Number of updated asset objects reloaded before import = 0
Number of asset objects unloaded after import = 0
========================================================================
Received Import Request.
  Time since last request: 3.247170 seconds.
  path: Assets/Model/New Folder/SM_base.fbx
  artifactKey: Guid(0f0d3b18953a1f843ab0885f22bb21cf) Importer(815301076,1909f56bfc062723c751e8b465ee728b)
Start importing Assets/Model/New Folder/SM_base.fbx using Guid(0f0d3b18953a1f843ab0885f22bb21cf) Importer(815301076,1909f56bfc062723c751e8b465ee728b)  -> (artifact id: 'ed7cac22d8a44482a356300ae95002f3') in 0.047283 seconds
Number of updated asset objects reloaded before import = 0
Number of asset objects unloaded after import = 8
========================================================================
Received Import Request.
  Time since last request: 0.000024 seconds.
  path: Assets/Model/New Folder/SM_cap.fbx
  artifactKey: Guid(0ecb7f8859338b0419a2e6b5e45cbca7) Importer(815301076,1909f56bfc062723c751e8b465ee728b)
Start importing Assets/Model/New Folder/SM_cap.fbx using Guid(0ecb7f8859338b0419a2e6b5e45cbca7) Importer(815301076,1909f56bfc062723c751e8b465ee728b)  -> (artifact id: 'c4acaee10d1eb2348538c05f902f404f') in 0.041004 seconds
Number of updated asset objects reloaded before import = 0
Number of asset objects unloaded after import = 8
========================================================================
Received Import Request.
  Time since last request: 0.000039 seconds.
  path: Assets/Model/New Folder/SM_floor.fbx
  artifactKey: Guid(4ca867d81b559dd4cb8b720b3c3e7a4e) Importer(815301076,1909f56bfc062723c751e8b465ee728b)
Start importing Assets/Model/New Folder/SM_floor.fbx using Guid(4ca867d81b559dd4cb8b720b3c3e7a4e) Importer(815301076,1909f56bfc062723c751e8b465ee728b)  -> (artifact id: 'c7ae122b4dbd2fe19cbd8262119578aa') in 0.037549 seconds
Number of updated asset objects reloaded before import = 0
Number of asset objects unloaded after import = 8
========================================================================
Received Import Request.
  Time since last request: 24.952636 seconds.
  path: Assets/iconset/dark/arrow_left_dark.png
  artifactKey: Guid(bb46e208788a0d146bc51351ae847d7c) Importer(815301076,1909f56bfc062723c751e8b465ee728b)
Start importing Assets/iconset/dark/arrow_left_dark.png using Guid(bb46e208788a0d146bc51351ae847d7c) Importer(815301076,1909f56bfc062723c751e8b465ee728b)  -> (artifact id: 'ee92a4f853053d3b608f698e67d4cad4') in 0.492604 seconds
Number of updated asset objects reloaded before import = 0
Number of asset objects unloaded after import = 3
========================================================================
Received Import Request.
  Time since last request: 0.000030 seconds.
  path: Assets/iconset/dark/icon_retry_dark.png
  artifactKey: Guid(30de2f2b61428964b98bdb4d988eedb1) Importer(815301076,1909f56bfc062723c751e8b465ee728b)
Start importing Assets/iconset/dark/icon_retry_dark.png using Guid(30de2f2b61428964b98bdb4d988eedb1) Importer(815301076,1909f56bfc062723c751e8b465ee728b)  -> (artifact id: '6c5c556435a182a86f7356ae20cd8d5e') in 0.035744 seconds
Number of updated asset objects reloaded before import = 0
Number of asset objects unloaded after import = 3
========================================================================
Received Import Request.
  Time since last request: 0.000031 seconds.
  path: Assets/iconset/dark/icon_gamepad_dark.png
  artifactKey: Guid(312e457cb8763a04cb9b319c76a146f8) Importer(815301076,1909f56bfc062723c751e8b465ee728b)
Start importing Assets/iconset/dark/icon_gamepad_dark.png using Guid(312e457cb8763a04cb9b319c76a146f8) Importer(815301076,1909f56bfc062723c751e8b465ee728b)  -> (artifact id: '1f5e32a269008630662f1380c4ca7280') in 0.035350 seconds
Number of updated asset objects reloaded before import = 0
Number of asset objects unloaded after import = 3
========================================================================
Received Import Request.
  Time since last request: 0.000022 seconds.
  path: Assets/iconset/dark/icon_list_dark.png
  artifactKey: Guid(e9673bd886253a9458976bff83f0da0b) Importer(815301076,1909f56bfc062723c751e8b465ee728b)
Start importing Assets/iconset/dark/icon_list_dark.png using Guid(e9673bd886253a9458976bff83f0da0b) Importer(815301076,1909f56bfc062723c751e8b465ee728b)  -> (artifact id: 'a9b19314c612b272b56277e220c23f66') in 0.065286 seconds
Number of updated asset objects reloaded before import = 0
Number of asset objects unloaded after import = 3
========================================================================
Received Import Request.
  Time since last request: 0.000180 seconds.
  path: Assets/iconset/dark/twitter_dark.png
  artifactKey: Guid(eb4b63dd4cf37b44dac8396b9ae8810d) Importer(815301076,1909f56bfc062723c751e8b465ee728b)
Start importing Assets/iconset/dark/twitter_dark.png using Guid(eb4b63dd4cf37b44dac8396b9ae8810d) Importer(815301076,1909f56bfc062723c751e8b465ee728b)  -> (artifact id: '0b50a7d20e0273abdc49f1fe17cdf101') in 0.045147 seconds
Number of updated asset objects reloaded before import = 0
Number of asset objects unloaded after import = 3
========================================================================
Received Import Request.
  Time since last request: 0.000121 seconds.
  path: Assets/iconset/dark/icon_skip_right_dark.png
  artifactKey: Guid(0a86d9912396e474ba685cb8ca277203) Importer(815301076,1909f56bfc062723c751e8b465ee728b)
Start importing Assets/iconset/dark/icon_skip_right_dark.png using Guid(0a86d9912396e474ba685cb8ca277203) Importer(815301076,1909f56bfc062723c751e8b465ee728b)  -> (artifact id: '884af5c7a01cf952975db604f55a325a') in 0.031634 seconds
Number of updated asset objects reloaded before import = 0
Number of asset objects unloaded after import = 3
========================================================================
Received Import Request.
  Time since last request: 0.000651 seconds.
  path: Assets/iconset/dark/arrow_right_stick_dark.png
  artifactKey: Guid(84ad7138cc598c44382caf2fad287e3c) Importer(815301076,1909f56bfc062723c751e8b465ee728b)
Start importing Assets/iconset/dark/arrow_right_stick_dark.png using Guid(84ad7138cc598c44382caf2fad287e3c) Importer(815301076,1909f56bfc062723c751e8b465ee728b)  -> (artifact id: 'e581d043ca938e99c50fd8b801a774d7') in 0.104903 seconds
Number of updated asset objects reloaded before import = 0
Number of asset objects unloaded after import = 3
========================================================================
Received Import Request.
  Time since last request: 0.000302 seconds.
  path: Assets/iconset/dark/icon_mute_dark.png
  artifactKey: Guid(f0e6fcb72efc0d64eadd83048ae7e31b) Importer(815301076,1909f56bfc062723c751e8b465ee728b)
Start importing Assets/iconset/dark/icon_mute_dark.png using Guid(f0e6fcb72efc0d64eadd83048ae7e31b) Importer(815301076,1909f56bfc062723c751e8b465ee728b)  -> (artifact id: 'c83bc9894c8608ba60cfe454966da6a6') in 0.156331 seconds
Number of updated asset objects reloaded before import = 0
Number of asset objects unloaded after import = 3
========================================================================
Received Import Request.
  Time since last request: 0.000113 seconds.
  path: Assets/iconset/dark/icon_skip_left_dark.png
  artifactKey: Guid(5a3a71638ef22554ebb9a0f358f5f5b8) Importer(815301076,1909f56bfc062723c751e8b465ee728b)
Start importing Assets/iconset/dark/icon_skip_left_dark.png using Guid(5a3a71638ef22554ebb9a0f358f5f5b8) Importer(815301076,1909f56bfc062723c751e8b465ee728b)  -> (artifact id: '287bd677836147a6474b794b469a6625') in 0.053565 seconds
Number of updated asset objects reloaded before import = 0
Number of asset objects unloaded after import = 3
========================================================================
Received Import Request.
  Time since last request: 0.000033 seconds.
  path: Assets/iconset/dark/icon_gear_dark.png
  artifactKey: Guid(03dd8f74cdfead84f8316ec77f3ee9da) Importer(815301076,1909f56bfc062723c751e8b465ee728b)
Start importing Assets/iconset/dark/icon_gear_dark.png using Guid(03dd8f74cdfead84f8316ec77f3ee9da) Importer(815301076,1909f56bfc062723c751e8b465ee728b)  -> (artifact id: 'a97297f153078017b152238c647a137f') in 0.044824 seconds
Number of updated asset objects reloaded before import = 0
Number of asset objects unloaded after import = 3
========================================================================
Received Import Request.
  Time since last request: 0.000065 seconds.
  path: Assets/iconset/dark/icon_blend_dark.png
  artifactKey: Guid(9f9e493058bc36d4294c4674182d0d74) Importer(815301076,1909f56bfc062723c751e8b465ee728b)
Start importing Assets/iconset/dark/icon_blend_dark.png using Guid(9f9e493058bc36d4294c4674182d0d74) Importer(815301076,1909f56bfc062723c751e8b465ee728b)  -> (artifact id: '5b77fe31f3c5176d73f12dc547958767') in 0.066247 seconds
Number of updated asset objects reloaded before import = 0
Number of asset objects unloaded after import = 3
========================================================================
Received Import Request.
  Time since last request: 0.000071 seconds.
  path: Assets/iconset/dark/icon_volume_dark.png
  artifactKey: Guid(0ec21b77610053349841fa568d74050e) Importer(815301076,1909f56bfc062723c751e8b465ee728b)
Start importing Assets/iconset/dark/icon_volume_dark.png using Guid(0ec21b77610053349841fa568d74050e) Importer(815301076,1909f56bfc062723c751e8b465ee728b)  -> (artifact id: '19d376d7701154a13037280a48eb09b1') in 0.091305 seconds
Number of updated asset objects reloaded before import = 0
Number of asset objects unloaded after import = 3
========================================================================
Received Import Request.
  Time since last request: 0.000293 seconds.
  path: Assets/iconset/dark/icon_list2_dark.png
  artifactKey: Guid(4326e40dcb7752b48af5c4727ff7a8be) Importer(815301076,1909f56bfc062723c751e8b465ee728b)
Start importing Assets/iconset/dark/icon_list2_dark.png using Guid(4326e40dcb7752b48af5c4727ff7a8be) Importer(815301076,1909f56bfc062723c751e8b465ee728b)  -> (artifact id: '47971469f533970b73d76a7187629ddf') in 0.055090 seconds
Number of updated asset objects reloaded before import = 0
Number of asset objects unloaded after import = 3
Editor requested this worker to shutdown with reason: Scaling down because of idle timeout
TcpMessagingSession - receive error: operation aborted. errorcode: 995, details: ќпераци€ ввода/вывода была прервана из-за завершени€ потока команд или по запросу приложени€.
AssetImportWorker is now disconnected from the server
Process exiting
Exiting without the bug reporter. Application will terminate with return code 0