Using pre-set license
Built from '2022.3/staging' branch; Version is '2022.3.14f1 (eff2de9070d8) revision 15725278'; Using compiler version '192829333'; Build Type 'Release'
OS: 'Windows 11  (10.0.22000) 64bit Professional' Language: 'ru' Physical Memory: 16293 MB
BatchMode: 1, IsHumanControllingUs: 0, StartBugReporterOnCrash: 0, Is64bit: 1, IsPro: 1

COMMAND LINE ARGUMENTS:
C:\Program Files\Unity\Hub\Editor\2022.3.14f1\Editor\Unity.exe
-adb2
-batchMode
-noUpm
-name
AssetImportWorker2
-projectPath
F:/project/kettle_WEBGL
-logFile
Logs/AssetImportWorker2.log
-srvPort
64444
Successfully changed project path to: F:/project/kettle_WEBGL
F:/project/kettle_WEBGL
[UnityMemory] Configuration Parameters - Can be set up in boot.config
    "memorysetup-bucket-allocator-granularity=16"
    "memorysetup-bucket-allocator-bucket-count=8"
    "memorysetup-bucket-allocator-block-size=33554432"
    "memorysetup-bucket-allocator-block-count=8"
    "memorysetup-main-allocator-block-size=16777216"
    "memorysetup-thread-allocator-block-size=16777216"
    "memorysetup-gfx-main-allocator-block-size=16777216"
    "memorysetup-gfx-thread-allocator-block-size=16777216"
    "memorysetup-cache-allocator-block-size=4194304"
    "memorysetup-typetree-allocator-block-size=2097152"
    "memorysetup-profiler-bucket-allocator-granularity=16"
    "memorysetup-profiler-bucket-allocator-bucket-count=8"
    "memorysetup-profiler-bucket-allocator-block-size=33554432"
    "memorysetup-profiler-bucket-allocator-block-count=8"
    "memorysetup-profiler-allocator-block-size=16777216"
    "memorysetup-profiler-editor-allocator-block-size=1048576"
    "memorysetup-temp-allocator-size-main=16777216"
    "memorysetup-job-temp-allocator-block-size=2097152"
    "memorysetup-job-temp-allocator-block-size-background=1048576"
    "memorysetup-job-temp-allocator-reduction-small-platforms=262144"
    "memorysetup-allocator-temp-initial-block-size-main=262144"
    "memorysetup-allocator-temp-initial-block-size-worker=262144"
    "memorysetup-temp-allocator-size-background-worker=32768"
    "memorysetup-temp-allocator-size-job-worker=262144"
    "memorysetup-temp-allocator-size-preload-manager=33554432"
    "memorysetup-temp-allocator-size-nav-mesh-worker=65536"
    "memorysetup-temp-allocator-size-audio-worker=65536"
    "memorysetup-temp-allocator-size-cloud-worker=32768"
    "memorysetup-temp-allocator-size-gi-baking-worker=262144"
    "memorysetup-temp-allocator-size-gfx=262144"
Player connection [29568] Host "[IP] 192.168.1.198 [Port] 0 [Flags] 2 [Guid] 816395733 [EditorId] 816395733 [Version] 1048832 [Id] WindowsEditor(7,divine) [Debug] 1 [PackageName] WindowsEditor [ProjectName] Editor" joined multi-casting on [225.0.0.222:54997]...

Player connection [29568] Host "[IP] 192.168.1.198 [Port] 0 [Flags] 2 [Guid] 816395733 [EditorId] 816395733 [Version] 1048832 [Id] WindowsEditor(7,divine) [Debug] 1 [PackageName] WindowsEditor [ProjectName] Editor" joined alternative multi-casting on [225.0.0.222:34997]...

[Physics::Module] Initialized MultithreadedJobDispatcher with 11 workers.
Refreshing native plugins compatible for Editor in 5.35 ms, found 3 plugins.
Preloading 0 native plugins for Editor in 0.00 ms.
Initialize engine version: 2022.3.14f1 (eff2de9070d8)
[Subsystems] Discovering subsystems at path C:/Program Files/Unity/Hub/Editor/2022.3.14f1/Editor/Data/Resources/UnitySubsystems
[Subsystems] Discovering subsystems at path F:/project/kettle_WEBGL/Assets
GfxDevice: creating device client; threaded=0; jobified=0
Direct3D:
    Version:  Direct3D 11.0 [level 11.1]
    Renderer: NVIDIA GeForce RTX 3060 Ti (ID=0x2489)
    Vendor:   NVIDIA
    VRAM:     8024 MB
    Driver:   31.0.15.5152
Initialize mono
Mono path[0] = 'C:/Program Files/Unity/Hub/Editor/2022.3.14f1/Editor/Data/Managed'
Mono path[1] = 'C:/Program Files/Unity/Hub/Editor/2022.3.14f1/Editor/Data/MonoBleedingEdge/lib/mono/unityjit-win32'
Mono config path = 'C:/Program Files/Unity/Hub/Editor/2022.3.14f1/Editor/Data/MonoBleedingEdge/etc'
Using monoOptions --debugger-agent=transport=dt_socket,embedding=1,server=y,suspend=n,address=127.0.0.1:56288
Begin MonoManager ReloadAssembly
Registering precompiled unity dll's ...
Register platform support module: C:/Program Files/Unity/Hub/Editor/2022.3.14f1/Editor/Data/PlaybackEngines/WebGLSupport/UnityEditor.WebGL.Extensions.dll
Register platform support module: C:/Program Files/Unity/Hub/Editor/2022.3.14f1/Editor/Data/PlaybackEngines/AndroidPlayer/UnityEditor.Android.Extensions.dll
Register platform support module: C:/Program Files/Unity/Hub/Editor/2022.3.14f1/Editor/Data/PlaybackEngines/WindowsStandaloneSupport/UnityEditor.WindowsStandalone.Extensions.dll
Registered in 0.006991 seconds.
- Loaded All Assemblies, in  0.324 seconds
Native extension for WindowsStandalone target not found
Native extension for Android target not found
Android Extension - Scanning For ADB Devices 184 ms
Native extension for WebGL target not found
Mono: successfully reloaded assembly
- Finished resetting the current domain, in  0.488 seconds
Domain Reload Profiling: 812ms
	BeginReloadAssembly (92ms)
		ExecutionOrderSort (0ms)
		DisableScriptedObjects (0ms)
		BackupInstance (0ms)
		ReleaseScriptingObjects (0ms)
		CreateAndSetChildDomain (1ms)
	RebuildCommonClasses (31ms)
	RebuildNativeTypeToScriptingClass (10ms)
	initialDomainReloadingComplete (51ms)
	LoadAllAssembliesAndSetupDomain (138ms)
		LoadAssemblies (91ms)
		RebuildTransferFunctionScriptingTraits (0ms)
		AnalyzeDomain (136ms)
			TypeCache.Refresh (134ms)
				TypeCache.ScanAssembly (121ms)
			ScanForSourceGeneratedMonoScriptInfo (0ms)
			ResolveRequiredComponents (0ms)
	FinalizeReload (489ms)
		ReleaseScriptCaches (0ms)
		RebuildScriptCaches (0ms)
		SetupLoadedEditorAssemblies (432ms)
			LogAssemblyErrors (0ms)
			InitializePlatformSupportModulesInManaged (283ms)
			SetLoadedEditorAssemblies (4ms)
			RefreshPlugins (0ms)
			BeforeProcessingInitializeOnLoad (2ms)
			ProcessInitializeOnLoadAttributes (100ms)
			ProcessInitializeOnLoadMethodAttributes (43ms)
			AfterProcessingInitializeOnLoad (0ms)
			EditorAssembliesLoaded (0ms)
		ExecutionOrderSort2 (0ms)
		AwakeInstancesAfterBackupRestoration (0ms)
========================================================================
Worker process is ready to serve import requests
Begin MonoManager ReloadAssembly
- Loaded All Assemblies, in  0.561 seconds
Refreshing native plugins compatible for Editor in 1.86 ms, found 3 plugins.
Native extension for WindowsStandalone target not found
Native extension for Android target not found
Native extension for WebGL target not found
Package Manager log level set to [2]
[Package Manager] Server::EnsureServerProcessIsRunning -- launch failed, reason: Unity was launched with the -noUpm command-line argument
[Package Manager] UpmClient::Send -- Unable to send message (not connected to UPM process).
[Package Manager] Cannot connect to Unity Package Manager local server
Mono: successfully reloaded assembly
- Finished resetting the current domain, in  0.508 seconds
Domain Reload Profiling: 1067ms
	BeginReloadAssembly (127ms)
		ExecutionOrderSort (0ms)
		DisableScriptedObjects (5ms)
		BackupInstance (0ms)
		ReleaseScriptingObjects (0ms)
		CreateAndSetChildDomain (19ms)
	RebuildCommonClasses (30ms)
	RebuildNativeTypeToScriptingClass (10ms)
	initialDomainReloadingComplete (34ms)
	LoadAllAssembliesAndSetupDomain (357ms)
		LoadAssemblies (239ms)
		RebuildTransferFunctionScriptingTraits (0ms)
		AnalyzeDomain (191ms)
			TypeCache.Refresh (168ms)
				TypeCache.ScanAssembly (152ms)
			ScanForSourceGeneratedMonoScriptInfo (17ms)
			ResolveRequiredComponents (4ms)
	FinalizeReload (508ms)
		ReleaseScriptCaches (0ms)
		RebuildScriptCaches (0ms)
		SetupLoadedEditorAssemblies (366ms)
			LogAssemblyErrors (0ms)
			InitializePlatformSupportModulesInManaged (22ms)
			SetLoadedEditorAssemblies (3ms)
			RefreshPlugins (0ms)
			BeforeProcessingInitializeOnLoad (53ms)
			ProcessInitializeOnLoadAttributes (262ms)
			ProcessInitializeOnLoadMethodAttributes (21ms)
			AfterProcessingInitializeOnLoad (4ms)
			EditorAssembliesLoaded (0ms)
		ExecutionOrderSort2 (0ms)
		AwakeInstancesAfterBackupRestoration (5ms)
Launched and connected shader compiler UnityShaderCompiler.exe after 0.03 seconds
Refreshing native plugins compatible for Editor in 3.12 ms, found 3 plugins.
Preloading 0 native plugins for Editor in 0.00 ms.
Unloading 3623 Unused Serialized files (Serialized files now loaded: 0)
Unloading 49 unused Assets / (59.4 KB). Loaded Objects now: 4082.
Memory consumption went from 141.6 MB to 141.5 MB.
Total: 2.825400 ms (FindLiveObjects: 0.265300 ms CreateObjectMapping: 0.216700 ms MarkObjects: 2.239400 ms  DeleteObjects: 0.103200 ms)

AssetImportParameters requested are different than current active one (requested -> active):
  custom:container-demuxer-ogg: 62fdf1f143b41e24485cea50d1cbac27 -> 
  custom:video-decoder-ogg-theora: a1e56fd34408186e4bbccfd4996cb3dc -> 
  custom:framework-win-MediaFoundation: 216162199b28c13a410421893ffa2e32 -> 
  custom:CustomObjectIndexerAttribute: 756ad292c208cfabdd7b50bc23989ffe -> 
  custom:container-demuxer-webm: 4f35f7cbe854078d1ac9338744f61a02 -> 
  custom:container-muxer-webm: aa71ff27fc2769a1b78a27578f13a17b -> 
  custom:video-decoder-webm-vp8: 9c59270c3fd7afecdb556c50c9e8de78 -> 
  custom:SearchIndexIgnoredProperties: e643bd26f0fe6173181afceb89e7c659 -> 
  custom:AudioImporter_EditorPlatform: d09bf68614088b80899f8185d706f6e7 -> 
  custom:video-encoder-webm-vp8: eb34c28f22e8b96e1ab97ce403110664 -> 
  custom:audio-decoder-ogg-vorbis: bf7c407c2cedff20999df2af8eb42d56 -> 
  custom:audio-encoder-webm-vorbis: bf7c407c2cedff20999df2af8eb42d56 -> 
========================================================================
Received Import Request.
  Time since last request: 183961.399287 seconds.
  path: Assets/Texture
  artifactKey: Guid(9046fc82fafdd934f8584831adf0e62d) Importer(815301076,1909f56bfc062723c751e8b465ee728b)
Start importing Assets/Texture using Guid(9046fc82fafdd934f8584831adf0e62d) Importer(815301076,1909f56bfc062723c751e8b465ee728b)  -> (artifact id: '1e9c3e59c3a5dd60626219ac6f8d96d3') in 0.002331 seconds
Number of updated asset objects reloaded before import = 0
Number of asset objects unloaded after import = 0
========================================================================
Received Import Request.
  Time since last request: 5.549403 seconds.
  path: Assets/Texture/T_kettle_BC.png
  artifactKey: Guid(1af3f435919467b4eb8c56b2d4d79fcc) Importer(815301076,1909f56bfc062723c751e8b465ee728b)
Start importing Assets/Texture/T_kettle_BC.png using Guid(1af3f435919467b4eb8c56b2d4d79fcc) Importer(815301076,1909f56bfc062723c751e8b465ee728b)  -> (artifact id: '10666229812d6fad19eead317336a70a') in 0.068868 seconds
Number of updated asset objects reloaded before import = 0
Number of asset objects unloaded after import = 2
========================================================================
Received Import Request.
  Time since last request: 991.375202 seconds.
  path: Assets/Texture/T_kettle_N.png
  artifactKey: Guid(520ec72c96e2a5a4daa3105a3d007662) Importer(815301076,1909f56bfc062723c751e8b465ee728b)
Start importing Assets/Texture/T_kettle_N.png using Guid(520ec72c96e2a5a4daa3105a3d007662) Importer(815301076,1909f56bfc062723c751e8b465ee728b)  -> (artifact id: '45ea80e247a47f8baa69284ca6d823b5') in 0.039982 seconds
Number of updated asset objects reloaded before import = 0
Number of asset objects unloaded after import = 3
========================================================================
Received Import Request.
  Time since last request: 12.883554 seconds.
  path: Assets/Texture/T_kettle_N.png
  artifactKey: Guid(520ec72c96e2a5a4daa3105a3d007662) Importer(815301076,1909f56bfc062723c751e8b465ee728b)
Start importing Assets/Texture/T_kettle_N.png using Guid(520ec72c96e2a5a4daa3105a3d007662) Importer(815301076,1909f56bfc062723c751e8b465ee728b)  -> (artifact id: '9f52874e2b4794ae5aea7d2e43458119') in 0.015350 seconds
Number of updated asset objects reloaded before import = 0
Number of asset objects unloaded after import = 2
========================================================================
Received Import Request.
  Time since last request: 124.891156 seconds.
  path: Assets/Texture/T_kettle_N.png
  artifactKey: Guid(520ec72c96e2a5a4daa3105a3d007662) Importer(815301076,1909f56bfc062723c751e8b465ee728b)
Start importing Assets/Texture/T_kettle_N.png using Guid(520ec72c96e2a5a4daa3105a3d007662) Importer(815301076,1909f56bfc062723c751e8b465ee728b)  -> (artifact id: '342bad6580f306b26b48cf1a8f457032') in 0.015776 seconds
Number of updated asset objects reloaded before import = 0
Number of asset objects unloaded after import = 2
========================================================================
Received Import Request.
  Time since last request: 37.261158 seconds.
  path: Assets/Texture/Materials
  artifactKey: Guid(6da2e3a62486ce74f88361650f77037d) Importer(815301076,1909f56bfc062723c751e8b465ee728b)
Start importing Assets/Texture/Materials using Guid(6da2e3a62486ce74f88361650f77037d) Importer(815301076,1909f56bfc062723c751e8b465ee728b)  -> (artifact id: '3714b6fac7c0b660bec88b7b146f5764') in 0.000406 seconds
Number of updated asset objects reloaded before import = 0
Number of asset objects unloaded after import = 0
========================================================================
Received Import Request.
  Time since last request: 284.913930 seconds.
  path: Assets/Texture/Materials/T_kettle_BC.mat
  artifactKey: Guid(70341d8c2b1d5a644ab303b62817119c) Importer(815301076,1909f56bfc062723c751e8b465ee728b)
Start importing Assets/Texture/Materials/T_kettle_BC.mat using Guid(70341d8c2b1d5a644ab303b62817119c) Importer(815301076,1909f56bfc062723c751e8b465ee728b)  -> (artifact id: 'd39b60a6b144f617db30a90747a70f1e') in 0.080158 seconds
Number of updated asset objects reloaded before import = 0
Number of asset objects unloaded after import = 2
========================================================================
Received Import Request.
  Time since last request: 72.459167 seconds.
  path: Assets/Kettle.prefab
  artifactKey: Guid(c61fff1f216d2e042a7034d005fc9bdb) Importer(815301076,1909f56bfc062723c751e8b465ee728b)
Start importing Assets/Kettle.prefab using Guid(c61fff1f216d2e042a7034d005fc9bdb) Importer(815301076,1909f56bfc062723c751e8b465ee728b)  -> (artifact id: '40c4e30da68ab7370aa2983ac8f9bfa6') in 0.069711 seconds
Number of updated asset objects reloaded before import = 0
Number of asset objects unloaded after import = 81
========================================================================
Received Import Request.
  Time since last request: 4.606838 seconds.
  path: Assets/SM_base.fbx
  artifactKey: Guid(a18f31ef4244ece48850f4e5e508a28c) Importer(815301076,1909f56bfc062723c751e8b465ee728b)
Start importing Assets/SM_base.fbx using Guid(a18f31ef4244ece48850f4e5e508a28c) Importer(815301076,1909f56bfc062723c751e8b465ee728b)  -> (artifact id: 'fdc1b40773c6fd88a7b00e808b0309b8') in 0.034604 seconds
Number of updated asset objects reloaded before import = 0
Number of asset objects unloaded after import = 8
========================================================================
Received Import Request.
  Time since last request: 0.000026 seconds.
  path: Assets/SM_cap.fbx
  artifactKey: Guid(3bf3e09ec4c4b09438ebb9e6b0a624c1) Importer(815301076,1909f56bfc062723c751e8b465ee728b)
Start importing Assets/SM_cap.fbx using Guid(3bf3e09ec4c4b09438ebb9e6b0a624c1) Importer(815301076,1909f56bfc062723c751e8b465ee728b)  -> (artifact id: 'fdb46df4ffd25cd0fc1ea7cfd8e83500') in 0.020396 seconds
Number of updated asset objects reloaded before import = 0
Number of asset objects unloaded after import = 8
========================================================================
Received Import Request.
  Time since last request: 28.609407 seconds.
  path: Assets/Model/Kettle.prefab
  artifactKey: Guid(57b3c02565095154c8cfad2d56c3633b) Importer(815301076,1909f56bfc062723c751e8b465ee728b)
Start importing Assets/Model/Kettle.prefab using Guid(57b3c02565095154c8cfad2d56c3633b) Importer(815301076,1909f56bfc062723c751e8b465ee728b)  -> (artifact id: '4daa494d598886fa18b92ce6614c55e6') in 0.046632 seconds
Number of updated asset objects reloaded before import = 0
Number of asset objects unloaded after import = 135
========================================================================
Received Import Request.
  Time since last request: 0.000025 seconds.
  path: Assets/Model/SM_btn.fbx
  artifactKey: Guid(8792aac579277524e87019e2aa7f7795) Importer(815301076,1909f56bfc062723c751e8b465ee728b)
Start importing Assets/Model/SM_btn.fbx using Guid(8792aac579277524e87019e2aa7f7795) Importer(815301076,1909f56bfc062723c751e8b465ee728b)  -> (artifact id: '78dc0ce9601258445fc500f27853ef9c') in 0.023127 seconds
Number of updated asset objects reloaded before import = 0
Number of asset objects unloaded after import = 8
Editor requested this worker to shutdown with reason: Scaling down because of idle timeout
TcpMessagingSession - receive error: operation aborted. errorcode: 995, details: ќпераци€ ввода/вывода была прервана из-за завершени€ потока команд или по запросу приложени€.
AssetImportWorker is now disconnected from the server
Process exiting
Exiting without the bug reporter. Application will terminate with return code 0