Using pre-set license
Built from '2022.3/staging' branch; Version is '2022.3.14f1 (eff2de9070d8) revision 15725278'; Using compiler version '192829333'; Build Type 'Release'
OS: 'Windows 11  (10.0.22000) 64bit Professional' Language: 'ru' Physical Memory: 16293 MB
BatchMode: 1, IsHumanControllingUs: 0, StartBugReporterOnCrash: 0, Is64bit: 1, IsPro: 1

COMMAND LINE ARGUMENTS:
C:\Program Files\Unity\Hub\Editor\2022.3.14f1\Editor\Unity.exe
-adb2
-batchMode
-noUpm
-name
AssetImportWorker0
-projectPath
F:/project/kettle_WEBGL
-logFile
Logs/AssetImportWorker0.log
-srvPort
57093
Successfully changed project path to: F:/project/kettle_WEBGL
F:/project/kettle_WEBGL
[UnityMemory] Configuration Parameters - Can be set up in boot.config
    "memorysetup-bucket-allocator-granularity=16"
    "memorysetup-bucket-allocator-bucket-count=8"
    "memorysetup-bucket-allocator-block-size=33554432"
    "memorysetup-bucket-allocator-block-count=8"
    "memorysetup-main-allocator-block-size=16777216"
    "memorysetup-thread-allocator-block-size=16777216"
    "memorysetup-gfx-main-allocator-block-size=16777216"
    "memorysetup-gfx-thread-allocator-block-size=16777216"
    "memorysetup-cache-allocator-block-size=4194304"
    "memorysetup-typetree-allocator-block-size=2097152"
    "memorysetup-profiler-bucket-allocator-granularity=16"
    "memorysetup-profiler-bucket-allocator-bucket-count=8"
    "memorysetup-profiler-bucket-allocator-block-size=33554432"
    "memorysetup-profiler-bucket-allocator-block-count=8"
    "memorysetup-profiler-allocator-block-size=16777216"
    "memorysetup-profiler-editor-allocator-block-size=1048576"
    "memorysetup-temp-allocator-size-main=16777216"
    "memorysetup-job-temp-allocator-block-size=2097152"
    "memorysetup-job-temp-allocator-block-size-background=1048576"
    "memorysetup-job-temp-allocator-reduction-small-platforms=262144"
    "memorysetup-allocator-temp-initial-block-size-main=262144"
    "memorysetup-allocator-temp-initial-block-size-worker=262144"
    "memorysetup-temp-allocator-size-background-worker=32768"
    "memorysetup-temp-allocator-size-job-worker=262144"
    "memorysetup-temp-allocator-size-preload-manager=33554432"
    "memorysetup-temp-allocator-size-nav-mesh-worker=65536"
    "memorysetup-temp-allocator-size-audio-worker=65536"
    "memorysetup-temp-allocator-size-cloud-worker=32768"
    "memorysetup-temp-allocator-size-gi-baking-worker=262144"
    "memorysetup-temp-allocator-size-gfx=262144"
Player connection [8320] Host "[IP] 192.168.1.198 [Port] 0 [Flags] 2 [Guid] 1586736162 [EditorId] 1586736162 [Version] 1048832 [Id] WindowsEditor(7,divine) [Debug] 1 [PackageName] WindowsEditor [ProjectName] Editor" joined multi-casting on [225.0.0.222:54997]...

Player connection [8320] Host "[IP] 192.168.1.198 [Port] 0 [Flags] 2 [Guid] 1586736162 [EditorId] 1586736162 [Version] 1048832 [Id] WindowsEditor(7,divine) [Debug] 1 [PackageName] WindowsEditor [ProjectName] Editor" joined alternative multi-casting on [225.0.0.222:34997]...

[Physics::Module] Initialized MultithreadedJobDispatcher with 11 workers.
Refreshing native plugins compatible for Editor in 7.04 ms, found 3 plugins.
Preloading 0 native plugins for Editor in 0.00 ms.
Initialize engine version: 2022.3.14f1 (eff2de9070d8)
[Subsystems] Discovering subsystems at path C:/Program Files/Unity/Hub/Editor/2022.3.14f1/Editor/Data/Resources/UnitySubsystems
[Subsystems] Discovering subsystems at path F:/project/kettle_WEBGL/Assets
GfxDevice: creating device client; threaded=0; jobified=0
Direct3D:
    Version:  Direct3D 11.0 [level 11.1]
    Renderer: NVIDIA GeForce RTX 3060 Ti (ID=0x2489)
    Vendor:   NVIDIA
    VRAM:     8024 MB
    Driver:   31.0.15.5152
Initialize mono
Mono path[0] = 'C:/Program Files/Unity/Hub/Editor/2022.3.14f1/Editor/Data/Managed'
Mono path[1] = 'C:/Program Files/Unity/Hub/Editor/2022.3.14f1/Editor/Data/MonoBleedingEdge/lib/mono/unityjit-win32'
Mono config path = 'C:/Program Files/Unity/Hub/Editor/2022.3.14f1/Editor/Data/MonoBleedingEdge/etc'
Using monoOptions --debugger-agent=transport=dt_socket,embedding=1,server=y,suspend=n,address=127.0.0.1:56560
Begin MonoManager ReloadAssembly
Registering precompiled unity dll's ...
Register platform support module: C:/Program Files/Unity/Hub/Editor/2022.3.14f1/Editor/Data/PlaybackEngines/WebGLSupport/UnityEditor.WebGL.Extensions.dll
Register platform support module: C:/Program Files/Unity/Hub/Editor/2022.3.14f1/Editor/Data/PlaybackEngines/AndroidPlayer/UnityEditor.Android.Extensions.dll
Register platform support module: C:/Program Files/Unity/Hub/Editor/2022.3.14f1/Editor/Data/PlaybackEngines/WindowsStandaloneSupport/UnityEditor.WindowsStandalone.Extensions.dll
Registered in 0.006867 seconds.
- Loaded All Assemblies, in  0.400 seconds
Native extension for WindowsStandalone target not found
Native extension for Android target not found
Android Extension - Scanning For ADB Devices 233 ms
Native extension for WebGL target not found
Mono: successfully reloaded assembly
- Finished resetting the current domain, in  0.623 seconds
Domain Reload Profiling: 1022ms
	BeginReloadAssembly (119ms)
		ExecutionOrderSort (0ms)
		DisableScriptedObjects (0ms)
		BackupInstance (0ms)
		ReleaseScriptingObjects (0ms)
		CreateAndSetChildDomain (1ms)
	RebuildCommonClasses (39ms)
	RebuildNativeTypeToScriptingClass (13ms)
	initialDomainReloadingComplete (61ms)
	LoadAllAssembliesAndSetupDomain (166ms)
		LoadAssemblies (117ms)
		RebuildTransferFunctionScriptingTraits (0ms)
		AnalyzeDomain (163ms)
			TypeCache.Refresh (162ms)
				TypeCache.ScanAssembly (147ms)
			ScanForSourceGeneratedMonoScriptInfo (0ms)
			ResolveRequiredComponents (0ms)
	FinalizeReload (624ms)
		ReleaseScriptCaches (0ms)
		RebuildScriptCaches (0ms)
		SetupLoadedEditorAssemblies (561ms)
			LogAssemblyErrors (0ms)
			InitializePlatformSupportModulesInManaged (352ms)
			SetLoadedEditorAssemblies (5ms)
			RefreshPlugins (0ms)
			BeforeProcessingInitializeOnLoad (2ms)
			ProcessInitializeOnLoadAttributes (145ms)
			ProcessInitializeOnLoadMethodAttributes (57ms)
			AfterProcessingInitializeOnLoad (0ms)
			EditorAssembliesLoaded (0ms)
		ExecutionOrderSort2 (0ms)
		AwakeInstancesAfterBackupRestoration (0ms)
========================================================================
Worker process is ready to serve import requests
Begin MonoManager ReloadAssembly
- Loaded All Assemblies, in  0.782 seconds
Refreshing native plugins compatible for Editor in 3.56 ms, found 3 plugins.
Native extension for WindowsStandalone target not found
Native extension for Android target not found
Native extension for WebGL target not found
Package Manager log level set to [2]
[Package Manager] Server::EnsureServerProcessIsRunning -- launch failed, reason: Unity was launched with the -noUpm command-line argument
[Package Manager] UpmClient::Send -- Unable to send message (not connected to UPM process).
[Package Manager] Cannot connect to Unity Package Manager local server
Mono: successfully reloaded assembly
- Finished resetting the current domain, in  0.732 seconds
Domain Reload Profiling: 1513ms
	BeginReloadAssembly (173ms)
		ExecutionOrderSort (0ms)
		DisableScriptedObjects (6ms)
		BackupInstance (0ms)
		ReleaseScriptingObjects (0ms)
		CreateAndSetChildDomain (31ms)
	RebuildCommonClasses (36ms)
	RebuildNativeTypeToScriptingClass (12ms)
	initialDomainReloadingComplete (42ms)
	LoadAllAssembliesAndSetupDomain (516ms)
		LoadAssemblies (331ms)
		RebuildTransferFunctionScriptingTraits (0ms)
		AnalyzeDomain (277ms)
			TypeCache.Refresh (242ms)
				TypeCache.ScanAssembly (217ms)
			ScanForSourceGeneratedMonoScriptInfo (27ms)
			ResolveRequiredComponents (6ms)
	FinalizeReload (733ms)
		ReleaseScriptCaches (0ms)
		RebuildScriptCaches (0ms)
		SetupLoadedEditorAssemblies (550ms)
			LogAssemblyErrors (0ms)
			InitializePlatformSupportModulesInManaged (32ms)
			SetLoadedEditorAssemblies (5ms)
			RefreshPlugins (0ms)
			BeforeProcessingInitializeOnLoad (79ms)
			ProcessInitializeOnLoadAttributes (348ms)
			ProcessInitializeOnLoadMethodAttributes (80ms)
			AfterProcessingInitializeOnLoad (5ms)
			EditorAssembliesLoaded (0ms)
		ExecutionOrderSort2 (0ms)
		AwakeInstancesAfterBackupRestoration (6ms)
Launched and connected shader compiler UnityShaderCompiler.exe after 0.05 seconds
Refreshing native plugins compatible for Editor in 3.78 ms, found 3 plugins.
Preloading 0 native plugins for Editor in 0.00 ms.
Unloading 4711 Unused Serialized files (Serialized files now loaded: 0)
Unloading 60 unused Assets / (62.6 KB). Loaded Objects now: 5170.
Memory consumption went from 168.8 MB to 168.7 MB.
Total: 8.829200 ms (FindLiveObjects: 0.668900 ms CreateObjectMapping: 1.067300 ms MarkObjects: 6.907000 ms  DeleteObjects: 0.184000 ms)

AssetImportParameters requested are different than current active one (requested -> active):
  custom:container-demuxer-ogg: 62fdf1f143b41e24485cea50d1cbac27 -> 
  custom:video-decoder-ogg-theora: a1e56fd34408186e4bbccfd4996cb3dc -> 
  custom:framework-win-MediaFoundation: 216162199b28c13a410421893ffa2e32 -> 
  custom:CustomObjectIndexerAttribute: 756ad292c208cfabdd7b50bc23989ffe -> 
  custom:container-demuxer-webm: 4f35f7cbe854078d1ac9338744f61a02 -> 
  custom:container-muxer-webm: aa71ff27fc2769a1b78a27578f13a17b -> 
  custom:video-decoder-webm-vp8: 9c59270c3fd7afecdb556c50c9e8de78 -> 
  custom:SearchIndexIgnoredProperties: e643bd26f0fe6173181afceb89e7c659 -> 
  custom:AudioImporter_EditorPlatform: d09bf68614088b80899f8185d706f6e7 -> 
  custom:video-encoder-webm-vp8: eb34c28f22e8b96e1ab97ce403110664 -> 
  custom:audio-decoder-ogg-vorbis: bf7c407c2cedff20999df2af8eb42d56 -> 
  custom:audio-encoder-webm-vorbis: bf7c407c2cedff20999df2af8eb42d56 -> 
========================================================================
Received Import Request.
  Time since last request: 267526.799031 seconds.
  path: Assets/Texture/New Shader Graph.shadergraph
  artifactKey: Guid(cdb09ea53d133b44fb05fd53f03210af) Importer(815301076,1909f56bfc062723c751e8b465ee728b)
Start importing Assets/Texture/New Shader Graph.shadergraph using Guid(cdb09ea53d133b44fb05fd53f03210af) Importer(815301076,1909f56bfc062723c751e8b465ee728b)  -> (artifact id: '36bb9e6a6053dc1f7b26b4e5167cc971') in 0.106617 seconds
Number of updated asset objects reloaded before import = 0
Number of asset objects unloaded after import = 2
========================================================================
Received Import Request.
  Time since last request: 6809.246193 seconds.
  path: Assets/Model/Kettle.prefab
  artifactKey: Guid(57b3c02565095154c8cfad2d56c3633b) Importer(815301076,1909f56bfc062723c751e8b465ee728b)
Start importing Assets/Model/Kettle.prefab using Guid(57b3c02565095154c8cfad2d56c3633b) Importer(815301076,1909f56bfc062723c751e8b465ee728b)  -> (artifact id: '1ef22c3371e17b8d8362ae202b2ab3cb') in 0.262513 seconds
Number of updated asset objects reloaded before import = 0
Number of asset objects unloaded after import = 133
========================================================================
Received Import Request.
  Time since last request: 302.003742 seconds.
  path: Assets/Texture/NewUnlitShader.shader
  artifactKey: Guid(81bf7c86d5680ba45a4b408c8589c470) Importer(815301076,1909f56bfc062723c751e8b465ee728b)
Start importing Assets/Texture/NewUnlitShader.shader using Guid(81bf7c86d5680ba45a4b408c8589c470) Importer(815301076,1909f56bfc062723c751e8b465ee728b)  -> (artifact id: '234e467ae3d2f80a2e209b5ee4f643fd') in 0.002131 seconds
Number of updated asset objects reloaded before import = 0
Number of asset objects unloaded after import = 1
========================================================================
Received Import Request.
  Time since last request: 44.195363 seconds.
  path: Assets/Texture/New Shader Graph.shadergraph
  artifactKey: Guid(cdb09ea53d133b44fb05fd53f03210af) Importer(815301076,1909f56bfc062723c751e8b465ee728b)
Start importing Assets/Texture/New Shader Graph.shadergraph using Guid(cdb09ea53d133b44fb05fd53f03210af) Importer(815301076,1909f56bfc062723c751e8b465ee728b)  -> (artifact id: '79b3f75feaf4dac52e7dc568d3dd46dc') in 0.430351 seconds
Number of updated asset objects reloaded before import = 0
Number of asset objects unloaded after import = 2
========================================================================
Received Import Request.
  Time since last request: 4917.064983 seconds.
  path: Assets/Texture/T_kettle_AO.png
  artifactKey: Guid(e00ce8954cf196f478bf587e3fece662) Importer(815301076,1909f56bfc062723c751e8b465ee728b)
Start importing Assets/Texture/T_kettle_AO.png using Guid(e00ce8954cf196f478bf587e3fece662) Importer(815301076,1909f56bfc062723c751e8b465ee728b)  -> (artifact id: '5170e4fca3e61b4622042ad6b64ec7f4') in 0.251063 seconds
Number of updated asset objects reloaded before import = 0
Number of asset objects unloaded after import = 2
========================================================================
Received Import Request.
  Time since last request: 57.219299 seconds.
  path: Assets/Texture/T_kettle_N.png
  artifactKey: Guid(520ec72c96e2a5a4daa3105a3d007662) Importer(815301076,1909f56bfc062723c751e8b465ee728b)
Start importing Assets/Texture/T_kettle_N.png using Guid(520ec72c96e2a5a4daa3105a3d007662) Importer(815301076,1909f56bfc062723c751e8b465ee728b)  -> (artifact id: 'f3180f100cb1483e5fb30c4b7af3cabb') in 0.042732 seconds
Number of updated asset objects reloaded before import = 0
Number of asset objects unloaded after import = 2
========================================================================
Received Prepare
Begin MonoManager ReloadAssembly
- Loaded All Assemblies, in 17.364 seconds
Refreshing native plugins compatible for Editor in 3.37 ms, found 3 plugins.
Native extension for WindowsStandalone target not found
Native extension for Android target not found
Native extension for WebGL target not found
[Package Manager] Server::EnsureServerProcessIsRunning -- launch failed, reason: Unity was launched with the -noUpm command-line argument
[Package Manager] UpmClient::Send -- Unable to send message (not connected to UPM process).
[Package Manager] Cannot connect to Unity Package Manager local server
Mono: successfully reloaded assembly
- Finished resetting the current domain, in 24.622 seconds
Domain Reload Profiling: 41984ms
	BeginReloadAssembly (653ms)
		ExecutionOrderSort (0ms)
		DisableScriptedObjects (22ms)
		BackupInstance (0ms)
		ReleaseScriptingObjects (1ms)
		CreateAndSetChildDomain (307ms)
	RebuildCommonClasses (223ms)
	RebuildNativeTypeToScriptingClass (21ms)
	initialDomainReloadingComplete (51ms)
	LoadAllAssembliesAndSetupDomain (16413ms)
		LoadAssemblies (16591ms)
		RebuildTransferFunctionScriptingTraits (0ms)
		AnalyzeDomain (47ms)
			TypeCache.Refresh (33ms)
				TypeCache.ScanAssembly (0ms)
			ScanForSourceGeneratedMonoScriptInfo (1ms)
			ResolveRequiredComponents (11ms)
	FinalizeReload (24623ms)
		ReleaseScriptCaches (0ms)
		RebuildScriptCaches (0ms)
		SetupLoadedEditorAssemblies (1132ms)
			LogAssemblyErrors (0ms)
			InitializePlatformSupportModulesInManaged (37ms)
			SetLoadedEditorAssemblies (5ms)
			RefreshPlugins (0ms)
			BeforeProcessingInitializeOnLoad (345ms)
			ProcessInitializeOnLoadAttributes (636ms)
			ProcessInitializeOnLoadMethodAttributes (101ms)
			AfterProcessingInitializeOnLoad (7ms)
			EditorAssembliesLoaded (1ms)
		ExecutionOrderSort2 (0ms)
		AwakeInstancesAfterBackupRestoration (9ms)
Refreshing native plugins compatible for Editor in 9.70 ms, found 3 plugins.
Preloading 0 native plugins for Editor in 0.00 ms.
Unloading 4678 Unused Serialized files (Serialized files now loaded: 0)
Unloading 40 unused Assets / (34.7 KB). Loaded Objects now: 5217.
Memory consumption went from 163.5 MB to 163.5 MB.
Total: 17.887400 ms (FindLiveObjects: 0.803900 ms CreateObjectMapping: 1.090100 ms MarkObjects: 15.375900 ms  DeleteObjects: 0.615300 ms)

Prepare: number of updated asset objects reloaded= 0
AssetImportParameters requested are different than current active one (requested -> active):
  custom:container-demuxer-ogg: 62fdf1f143b41e24485cea50d1cbac27 -> 
  custom:video-decoder-ogg-theora: a1e56fd34408186e4bbccfd4996cb3dc -> 
  custom:framework-win-MediaFoundation: 216162199b28c13a410421893ffa2e32 -> 
  custom:CustomObjectIndexerAttribute: 756ad292c208cfabdd7b50bc23989ffe -> 
  custom:container-demuxer-webm: 4f35f7cbe854078d1ac9338744f61a02 -> 
  custom:container-muxer-webm: aa71ff27fc2769a1b78a27578f13a17b -> 
  custom:video-decoder-webm-vp8: 9c59270c3fd7afecdb556c50c9e8de78 -> 
  custom:SearchIndexIgnoredProperties: e643bd26f0fe6173181afceb89e7c659 -> 
  custom:AudioImporter_EditorPlatform: d09bf68614088b80899f8185d706f6e7 -> 
  custom:video-encoder-webm-vp8: eb34c28f22e8b96e1ab97ce403110664 -> 
  custom:audio-decoder-ogg-vorbis: bf7c407c2cedff20999df2af8eb42d56 -> 
  custom:audio-encoder-webm-vorbis: bf7c407c2cedff20999df2af8eb42d56 -> 
========================================================================
Received Import Request.
  Time since last request: 109.625180 seconds.
  path: Assets/40+ Simple Icons - Free/Message_Simple_Icons_UI.png
  artifactKey: Guid(73a92a4628e086f4aa40e4ca114b18a1) Importer(815301076,1909f56bfc062723c751e8b465ee728b)
Start importing Assets/40+ Simple Icons - Free/Message_Simple_Icons_UI.png using Guid(73a92a4628e086f4aa40e4ca114b18a1) Importer(815301076,1909f56bfc062723c751e8b465ee728b)  -> (artifact id: '6ad1c4ccac50502da91a60a4aa98e158') in 0.114991 seconds
Number of updated asset objects reloaded before import = 0
Number of asset objects unloaded after import = 3
========================================================================
Received Import Request.
  Time since last request: 0.000041 seconds.
  path: Assets/40+ Simple Icons - Free/Pause_Simple_Icons_UI.png
  artifactKey: Guid(7832486d350096542aefd38da1c44ec5) Importer(815301076,1909f56bfc062723c751e8b465ee728b)
Start importing Assets/40+ Simple Icons - Free/Pause_Simple_Icons_UI.png using Guid(7832486d350096542aefd38da1c44ec5) Importer(815301076,1909f56bfc062723c751e8b465ee728b)  -> (artifact id: '3e05a7af8f5711f95ac51a2a819f8b5e') in 0.040061 seconds
Number of updated asset objects reloaded before import = 0
Number of asset objects unloaded after import = 3
========================================================================
Received Import Request.
  Time since last request: 0.000036 seconds.
  path: Assets/40+ Simple Icons - Free/RewindOneFrame_Simple_Icons_UI.png
  artifactKey: Guid(a401798d5c61a114fb7001788c406bb6) Importer(815301076,1909f56bfc062723c751e8b465ee728b)
Start importing Assets/40+ Simple Icons - Free/RewindOneFrame_Simple_Icons_UI.png using Guid(a401798d5c61a114fb7001788c406bb6) Importer(815301076,1909f56bfc062723c751e8b465ee728b)  -> (artifact id: 'e0121d803ba770dc20b419763d18d8be') in 0.052200 seconds
Number of updated asset objects reloaded before import = 0
Number of asset objects unloaded after import = 3
========================================================================
Received Import Request.
  Time since last request: 0.000030 seconds.
  path: Assets/40+ Simple Icons - Free/RewindToTheBeginning_Simple_Icons_UI.png
  artifactKey: Guid(9a563adba26426f4f92e90bb681498ca) Importer(815301076,1909f56bfc062723c751e8b465ee728b)
Start importing Assets/40+ Simple Icons - Free/RewindToTheBeginning_Simple_Icons_UI.png using Guid(9a563adba26426f4f92e90bb681498ca) Importer(815301076,1909f56bfc062723c751e8b465ee728b)  -> (artifact id: '6feec2221e080d2e5c21754c79697260') in 0.036822 seconds
Number of updated asset objects reloaded before import = 0
Number of asset objects unloaded after import = 3
========================================================================
Received Import Request.
  Time since last request: 0.000024 seconds.
  path: Assets/40+ Simple Icons - Free/RewindForward_Simple_Icons_UI.png
  artifactKey: Guid(afdb63c61e3ce8a4aa45b9acf4b136e1) Importer(815301076,1909f56bfc062723c751e8b465ee728b)
Start importing Assets/40+ Simple Icons - Free/RewindForward_Simple_Icons_UI.png using Guid(afdb63c61e3ce8a4aa45b9acf4b136e1) Importer(815301076,1909f56bfc062723c751e8b465ee728b)  -> (artifact id: '023fcdd80d0ec98114b16df4913e9ca9') in 0.043229 seconds
Number of updated asset objects reloaded before import = 0
Number of asset objects unloaded after import = 3
========================================================================
Received Import Request.
  Time since last request: 0.000031 seconds.
  path: Assets/40+ Simple Icons - Free/RightArrowC_Simple_Icons_UI.png
  artifactKey: Guid(02b3a7138fad1604694cf245ab1ca59d) Importer(815301076,1909f56bfc062723c751e8b465ee728b)
Start importing Assets/40+ Simple Icons - Free/RightArrowC_Simple_Icons_UI.png using Guid(02b3a7138fad1604694cf245ab1ca59d) Importer(815301076,1909f56bfc062723c751e8b465ee728b)  -> (artifact id: '6f23eccf1d0d47a5dd0d9ac6708f456f') in 0.038396 seconds
Number of updated asset objects reloaded before import = 0
Number of asset objects unloaded after import = 3
========================================================================
Received Import Request.
  Time since last request: 0.000040 seconds.
  path: Assets/40+ Simple Icons - Free/LeaderBoard_Simple_Icons_UI.png
  artifactKey: Guid(2fe7b3fe56ea62b409ec74ea8e43097f) Importer(815301076,1909f56bfc062723c751e8b465ee728b)
Start importing Assets/40+ Simple Icons - Free/LeaderBoard_Simple_Icons_UI.png using Guid(2fe7b3fe56ea62b409ec74ea8e43097f) Importer(815301076,1909f56bfc062723c751e8b465ee728b)  -> (artifact id: '49059c4b77a102031c136009e87e6dd2') in 0.046647 seconds
Number of updated asset objects reloaded before import = 0
Number of asset objects unloaded after import = 3
========================================================================
Received Import Request.
  Time since last request: 0.000036 seconds.
  path: Assets/40+ Simple Icons - Free/MusicOn_Simple_Icons_UI.png
  artifactKey: Guid(0aa785b4d2d38264f88b4208fb283207) Importer(815301076,1909f56bfc062723c751e8b465ee728b)
Start importing Assets/40+ Simple Icons - Free/MusicOn_Simple_Icons_UI.png using Guid(0aa785b4d2d38264f88b4208fb283207) Importer(815301076,1909f56bfc062723c751e8b465ee728b)  -> (artifact id: 'bcbd7fa2623f1f595cd5cc8e4dcaa0e6') in 0.039908 seconds
Number of updated asset objects reloaded before import = 0
Number of asset objects unloaded after import = 3
========================================================================
Received Import Request.
  Time since last request: 0.000023 seconds.
  path: Assets/40+ Simple Icons - Free/Return_Simple_Icons_UI.png
  artifactKey: Guid(118e11b3fc8aaa648ab6f66172540cf0) Importer(815301076,1909f56bfc062723c751e8b465ee728b)
Start importing Assets/40+ Simple Icons - Free/Return_Simple_Icons_UI.png using Guid(118e11b3fc8aaa648ab6f66172540cf0) Importer(815301076,1909f56bfc062723c751e8b465ee728b)  -> (artifact id: 'f11137a4f84453f2569c36cc40915a60') in 0.035583 seconds
Number of updated asset objects reloaded before import = 0
Number of asset objects unloaded after import = 3
========================================================================
Received Import Request.
  Time since last request: 0.000030 seconds.
  path: Assets/40+ Simple Icons - Free/LeftArrow_Simple_Icons_UI.png
  artifactKey: Guid(ca95052204a5ee6428f14338c5ab1c4d) Importer(815301076,1909f56bfc062723c751e8b465ee728b)
Start importing Assets/40+ Simple Icons - Free/LeftArrow_Simple_Icons_UI.png using Guid(ca95052204a5ee6428f14338c5ab1c4d) Importer(815301076,1909f56bfc062723c751e8b465ee728b)  -> (artifact id: '1a1772e2229e4fbb618c0e3f48e24364') in 0.038630 seconds
Number of updated asset objects reloaded before import = 0
Number of asset objects unloaded after import = 3
========================================================================
Received Prepare
Begin MonoManager ReloadAssembly
- Loaded All Assemblies, in  0.860 seconds
Refreshing native plugins compatible for Editor in 1.84 ms, found 3 plugins.
Native extension for WindowsStandalone target not found
Native extension for Android target not found
Native extension for WebGL target not found
[Package Manager] Server::EnsureServerProcessIsRunning -- launch failed, reason: Unity was launched with the -noUpm command-line argument
[Package Manager] UpmClient::Send -- Unable to send message (not connected to UPM process).
[Package Manager] Cannot connect to Unity Package Manager local server
Mono: successfully reloaded assembly
- Finished resetting the current domain, in  1.299 seconds
Domain Reload Profiling: 2158ms
	BeginReloadAssembly (178ms)
		ExecutionOrderSort (0ms)
		DisableScriptedObjects (4ms)
		BackupInstance (0ms)
		ReleaseScriptingObjects (0ms)
		CreateAndSetChildDomain (50ms)
	RebuildCommonClasses (37ms)
	RebuildNativeTypeToScriptingClass (14ms)
	initialDomainReloadingComplete (32ms)
	LoadAllAssembliesAndSetupDomain (598ms)
		LoadAssemblies (665ms)
		RebuildTransferFunctionScriptingTraits (0ms)
		AnalyzeDomain (20ms)
			TypeCache.Refresh (10ms)
				TypeCache.ScanAssembly (0ms)
			ScanForSourceGeneratedMonoScriptInfo (0ms)
			ResolveRequiredComponents (9ms)
	FinalizeReload (1299ms)
		ReleaseScriptCaches (0ms)
		RebuildScriptCaches (0ms)
		SetupLoadedEditorAssemblies (637ms)
			LogAssemblyErrors (0ms)
			InitializePlatformSupportModulesInManaged (43ms)
			SetLoadedEditorAssemblies (4ms)
			RefreshPlugins (0ms)
			BeforeProcessingInitializeOnLoad (90ms)
			ProcessInitializeOnLoadAttributes (396ms)
			ProcessInitializeOnLoadMethodAttributes (98ms)
			AfterProcessingInitializeOnLoad (6ms)
			EditorAssembliesLoaded (0ms)
		ExecutionOrderSort2 (0ms)
		AwakeInstancesAfterBackupRestoration (6ms)
Refreshing native plugins compatible for Editor in 3.31 ms, found 3 plugins.
Preloading 0 native plugins for Editor in 0.00 ms.
Unloading 4678 Unused Serialized files (Serialized files now loaded: 0)
Unloading 40 unused Assets / (34.7 KB). Loaded Objects now: 5238.
Memory consumption went from 165.5 MB to 165.4 MB.
Total: 4.133900 ms (FindLiveObjects: 0.440600 ms CreateObjectMapping: 0.476600 ms MarkObjects: 3.150500 ms  DeleteObjects: 0.065500 ms)

Prepare: number of updated asset objects reloaded= 0
AssetImportParameters requested are different than current active one (requested -> active):
  custom:container-demuxer-ogg: 62fdf1f143b41e24485cea50d1cbac27 -> 
  custom:video-decoder-ogg-theora: a1e56fd34408186e4bbccfd4996cb3dc -> 
  custom:framework-win-MediaFoundation: 216162199b28c13a410421893ffa2e32 -> 
  custom:CustomObjectIndexerAttribute: 756ad292c208cfabdd7b50bc23989ffe -> 
  custom:container-demuxer-webm: 4f35f7cbe854078d1ac9338744f61a02 -> 
  custom:container-muxer-webm: aa71ff27fc2769a1b78a27578f13a17b -> 
  custom:video-decoder-webm-vp8: 9c59270c3fd7afecdb556c50c9e8de78 -> 
  custom:SearchIndexIgnoredProperties: e643bd26f0fe6173181afceb89e7c659 -> 
  custom:AudioImporter_EditorPlatform: d09bf68614088b80899f8185d706f6e7 -> 
  custom:video-encoder-webm-vp8: eb34c28f22e8b96e1ab97ce403110664 -> 
  custom:audio-decoder-ogg-vorbis: bf7c407c2cedff20999df2af8eb42d56 -> 
  custom:audio-encoder-webm-vorbis: bf7c407c2cedff20999df2af8eb42d56 -> 
========================================================================
Received Import Request.
  Time since last request: 191.214723 seconds.
  path: Assets/TextMesh Pro/Sprites/EmojiOne.png
  artifactKey: Guid(dffef66376be4fa480fb02b19edbe903) Importer(815301076,1909f56bfc062723c751e8b465ee728b)
Start importing Assets/TextMesh Pro/Sprites/EmojiOne.png using Guid(dffef66376be4fa480fb02b19edbe903) Importer(815301076,1909f56bfc062723c751e8b465ee728b)  -> (artifact id: '58401a2652190d265eb4f95adb553381') in 0.063439 seconds
Number of updated asset objects reloaded before import = 0
Number of asset objects unloaded after import = 2
========================================================================
Received Import Request.
  Time since last request: 12.490925 seconds.
  path: Assets/Texture/T_kettle_N_OpenGL.png
  artifactKey: Guid(6596bdd5afa0dc741b595ead2971c937) Importer(815301076,1909f56bfc062723c751e8b465ee728b)
Start importing Assets/Texture/T_kettle_N_OpenGL.png using Guid(6596bdd5afa0dc741b595ead2971c937) Importer(815301076,1909f56bfc062723c751e8b465ee728b)  -> (artifact id: '5c4abb97a3c38ccadf68dd3142bbd219') in 0.019200 seconds
Number of updated asset objects reloaded before import = 0
Number of asset objects unloaded after import = 2
========================================================================
Received Prepare
Begin MonoManager ReloadAssembly
- Loaded All Assemblies, in  0.739 seconds
Refreshing native plugins compatible for Editor in 1.82 ms, found 3 plugins.
Native extension for WindowsStandalone target not found
Native extension for Android target not found
Native extension for WebGL target not found
[Package Manager] Server::EnsureServerProcessIsRunning -- launch failed, reason: Unity was launched with the -noUpm command-line argument
[Package Manager] UpmClient::Send -- Unable to send message (not connected to UPM process).
[Package Manager] Cannot connect to Unity Package Manager local server
Mono: successfully reloaded assembly
- Finished resetting the current domain, in  1.258 seconds
Domain Reload Profiling: 1995ms
	BeginReloadAssembly (182ms)
		ExecutionOrderSort (0ms)
		DisableScriptedObjects (4ms)
		BackupInstance (0ms)
		ReleaseScriptingObjects (0ms)
		CreateAndSetChildDomain (47ms)
	RebuildCommonClasses (38ms)
	RebuildNativeTypeToScriptingClass (16ms)
	initialDomainReloadingComplete (30ms)
	LoadAllAssembliesAndSetupDomain (471ms)
		LoadAssemblies (541ms)
		RebuildTransferFunctionScriptingTraits (0ms)
		AnalyzeDomain (27ms)
			TypeCache.Refresh (16ms)
				TypeCache.ScanAssembly (0ms)
			ScanForSourceGeneratedMonoScriptInfo (0ms)
			ResolveRequiredComponents (9ms)
	FinalizeReload (1259ms)
		ReleaseScriptCaches (0ms)
		RebuildScriptCaches (0ms)
		SetupLoadedEditorAssemblies (622ms)
			LogAssemblyErrors (0ms)
			InitializePlatformSupportModulesInManaged (33ms)
			SetLoadedEditorAssemblies (4ms)
			RefreshPlugins (0ms)
			BeforeProcessingInitializeOnLoad (91ms)
			ProcessInitializeOnLoadAttributes (393ms)
			ProcessInitializeOnLoadMethodAttributes (96ms)
			AfterProcessingInitializeOnLoad (5ms)
			EditorAssembliesLoaded (0ms)
		ExecutionOrderSort2 (0ms)
		AwakeInstancesAfterBackupRestoration (7ms)
Refreshing native plugins compatible for Editor in 3.35 ms, found 3 plugins.
Preloading 0 native plugins for Editor in 0.00 ms.
Unloading 4678 Unused Serialized files (Serialized files now loaded: 0)
Unloading 40 unused Assets / (34.7 KB). Loaded Objects now: 5241.
Memory consumption went from 167.4 MB to 167.4 MB.
Total: 5.057500 ms (FindLiveObjects: 0.904100 ms CreateObjectMapping: 0.655200 ms MarkObjects: 3.383000 ms  DeleteObjects: 0.114000 ms)

Prepare: number of updated asset objects reloaded= 0
AssetImportParameters requested are different than current active one (requested -> active):
  custom:container-demuxer-ogg: 62fdf1f143b41e24485cea50d1cbac27 -> 
  custom:video-decoder-ogg-theora: a1e56fd34408186e4bbccfd4996cb3dc -> 
  custom:framework-win-MediaFoundation: 216162199b28c13a410421893ffa2e32 -> 
  custom:CustomObjectIndexerAttribute: 756ad292c208cfabdd7b50bc23989ffe -> 
  custom:container-demuxer-webm: 4f35f7cbe854078d1ac9338744f61a02 -> 
  custom:container-muxer-webm: aa71ff27fc2769a1b78a27578f13a17b -> 
  custom:video-decoder-webm-vp8: 9c59270c3fd7afecdb556c50c9e8de78 -> 
  custom:SearchIndexIgnoredProperties: e643bd26f0fe6173181afceb89e7c659 -> 
  custom:AudioImporter_EditorPlatform: d09bf68614088b80899f8185d706f6e7 -> 
  custom:video-encoder-webm-vp8: eb34c28f22e8b96e1ab97ce403110664 -> 
  custom:audio-decoder-ogg-vorbis: bf7c407c2cedff20999df2af8eb42d56 -> 
  custom:audio-encoder-webm-vorbis: bf7c407c2cedff20999df2af8eb42d56 -> 
========================================================================
Received Prepare
Refreshing native plugins compatible for Editor in 2.12 ms, found 3 plugins.
Preloading 0 native plugins for Editor in 0.00 ms.
Unloading 3 Unused Serialized files (Serialized files now loaded: 0)
Unloading 3 unused Assets / (8.5 KB). Loaded Objects now: 5241.
Memory consumption went from 95.5 MB to 95.4 MB.
Total: 4.147000 ms (FindLiveObjects: 0.419200 ms CreateObjectMapping: 0.499000 ms MarkObjects: 3.193400 ms  DeleteObjects: 0.033400 ms)

Prepare: number of updated asset objects reloaded= 0
AssetImportParameters requested are different than current active one (requested -> active):
  custom:container-demuxer-ogg: 62fdf1f143b41e24485cea50d1cbac27 -> 
  custom:video-decoder-ogg-theora: a1e56fd34408186e4bbccfd4996cb3dc -> 
  custom:framework-win-MediaFoundation: 216162199b28c13a410421893ffa2e32 -> 
  custom:CustomObjectIndexerAttribute: 756ad292c208cfabdd7b50bc23989ffe -> 
  custom:container-demuxer-webm: 4f35f7cbe854078d1ac9338744f61a02 -> 
  custom:container-muxer-webm: aa71ff27fc2769a1b78a27578f13a17b -> 
  custom:video-decoder-webm-vp8: 9c59270c3fd7afecdb556c50c9e8de78 -> 
  custom:SearchIndexIgnoredProperties: e643bd26f0fe6173181afceb89e7c659 -> 
  custom:AudioImporter_EditorPlatform: d09bf68614088b80899f8185d706f6e7 -> 
  custom:video-encoder-webm-vp8: eb34c28f22e8b96e1ab97ce403110664 -> 
  custom:audio-decoder-ogg-vorbis: bf7c407c2cedff20999df2af8eb42d56 -> 
  custom:audio-encoder-webm-vorbis: bf7c407c2cedff20999df2af8eb42d56 -> 
========================================================================
Received Import Request.
  Time since last request: 90.679661 seconds.
  path: Assets/Texture/New Material.mat
  artifactKey: Guid(9d0a0ac455fd18d4c8eef335b369ce39) Importer(815301076,1909f56bfc062723c751e8b465ee728b)
Start importing Assets/Texture/New Material.mat using Guid(9d0a0ac455fd18d4c8eef335b369ce39) Importer(815301076,1909f56bfc062723c751e8b465ee728b)  -> (artifact id: '7fced2cf89192ba3701a19d7fab7ed2b') in 0.310640 seconds
Number of updated asset objects reloaded before import = 0
Number of asset objects unloaded after import = 5
========================================================================
Received Import Request.
  Time since last request: 271.842905 seconds.
  path: Assets/Texture/New Material.mat
  artifactKey: Guid(9d0a0ac455fd18d4c8eef335b369ce39) Importer(815301076,1909f56bfc062723c751e8b465ee728b)
Start importing Assets/Texture/New Material.mat using Guid(9d0a0ac455fd18d4c8eef335b369ce39) Importer(815301076,1909f56bfc062723c751e8b465ee728b)  -> (artifact id: '5f87e5f49370710ede5485afb020bb58') in 0.025403 seconds
Number of updated asset objects reloaded before import = 0
Number of asset objects unloaded after import = 5
